#! /c/Source/iverilog-install/bin/vvp
:ivl_version "12.0 (devel)" "(s20150603-1539-g2693dd32b)";
:ivl_delay_selection "TYPICAL";
:vpi_time_precision + 0;
:vpi_module "C:\iverilog\lib\ivl\system.vpi";
:vpi_module "C:\iverilog\lib\ivl\vhdl_sys.vpi";
:vpi_module "C:\iverilog\lib\ivl\vhdl_textio.vpi";
:vpi_module "C:\iverilog\lib\ivl\v2005_math.vpi";
:vpi_module "C:\iverilog\lib\ivl\va_math.vpi";
S_0000022e4a32b6c0 .scope module, "top_brain_tb" "top_brain_tb" 2 15;
 .timescale 0 0;
v0000022e4a38a960_0 .net "LEDSIGN", 0 0, v0000022e4a312750_0;  1 drivers
v0000022e4a389ce0_0 .net "LEDX", 0 0, v0000022e4a3129d0_0;  1 drivers
v0000022e4a38ac80_0 .net "SCL", 0 0, L_0000022e4a3e3810;  1 drivers
v0000022e4a38a5a0_0 .net "SDA", 0 0, L_0000022e4a3e40d0;  1 drivers
v0000022e4a3896a0_0 .var "btn_RST", 0 0;
v0000022e4a389f60_0 .var "btn_TST", 0 0;
v0000022e4a389b00_0 .var "btn_ali", 0 0;
v0000022e4a388fc0_0 .var "btn_heal", 0 0;
v0000022e4a38a000_0 .var "clk", 0 0;
v0000022e4a38a1e0_0 .var "echo", 0 0;
v0000022e4a389380_0 .net "led1", 0 0, v0000022e4a37dd10_0;  1 drivers
v0000022e4a389060_0 .var "rst", 0 0;
v0000022e4a389100_0 .net "trig", 0 0, v0000022e4a37e710_0;  1 drivers
S_0000022e4a223ff0 .scope module, "UUT" "TopBrain" 2 32, 3 1 0, S_0000022e4a32b6c0;
 .timescale 0 0;
    .port_info 0 /INPUT 1 "clk";
    .port_info 1 /INPUT 1 "rst";
    .port_info 2 /INOUT 1 "SDA";
    .port_info 3 /INOUT 1 "SCL";
    .port_info 4 /OUTPUT 1 "LEDX";
    .port_info 5 /OUTPUT 1 "LEDSIGN";
    .port_info 6 /INPUT 1 "echo";
    .port_info 7 /OUTPUT 1 "trig";
    .port_info 8 /OUTPUT 1 "led1";
    .port_info 9 /INPUT 1 "btn_heal";
    .port_info 10 /INPUT 1 "btn_ali";
    .port_info 11 /INPUT 1 "btn_RST";
    .port_info 12 /INPUT 1 "btn_TST";
v0000022e4a38abe0_0 .net "LEDSIGN", 0 0, v0000022e4a312750_0;  alias, 1 drivers
v0000022e4a3891a0_0 .net "LEDX", 0 0, v0000022e4a3129d0_0;  alias, 1 drivers
v0000022e4a3897e0_0 .net "SCL", 0 0, L_0000022e4a3e3810;  alias, 1 drivers
v0000022e4a38a820_0 .net "SDA", 0 0, L_0000022e4a3e40d0;  alias, 1 drivers
v0000022e4a389880_0 .net "btn_RST", 0 0, v0000022e4a3896a0_0;  1 drivers
v0000022e4a38aa00_0 .net "btn_TST", 0 0, v0000022e4a389f60_0;  1 drivers
v0000022e4a38a0a0_0 .net "btn_ali", 0 0, v0000022e4a389b00_0;  1 drivers
v0000022e4a38a3c0_0 .net "btn_diversion", 0 0, v0000022e4a37ec10_0;  1 drivers
v0000022e4a38adc0_0 .net "btn_hambre", 0 0, v0000022e4a38a640_0;  1 drivers
v0000022e4a38a500_0 .net "btn_heal", 0 0, v0000022e4a388fc0_0;  1 drivers
RS_0000022e4a32cf88 .resolv tri, v0000022e4a389920_0, v0000022e4a389d80_0;
v0000022e4a3899c0_0 .net8 "btn_reset", 0 0, RS_0000022e4a32cf88;  2 drivers
v0000022e4a388f20_0 .net "btn_salud", 0 0, v0000022e4a389c40_0;  1 drivers
o0000022e4a32cfe8 .functor BUFZ 1, C4<z>; HiZ drive
v0000022e4a389a60_0 .net "btn_test", 0 0, o0000022e4a32cfe8;  0 drivers
v0000022e4a389e20_0 .net "clk", 0 0, v0000022e4a38a000_0;  1 drivers
v0000022e4a389740_0 .net "echo", 0 0, v0000022e4a38a1e0_0;  1 drivers
v0000022e4a389560_0 .net "led1", 0 0, v0000022e4a37dd10_0;  alias, 1 drivers
v0000022e4a389600_0 .net "rst", 0 0, v0000022e4a389060_0;  1 drivers
v0000022e4a38a280_0 .net "s0", 19 0, v0000022e4a37ed50_0;  1 drivers
o0000022e4a32cef8 .functor BUFZ 1, C4<z>; HiZ drive
v0000022e4a38a140_0 .net "sens_ult", 0 0, o0000022e4a32cef8;  0 drivers
v0000022e4a38a8c0_0 .net "trig", 0 0, v0000022e4a37e710_0;  alias, 1 drivers
S_0000022e4a224180 .scope module, "U_DEMO_MPU6050" "DEMO_MPU6050" 3 56, 4 1 0, S_0000022e4a223ff0;
 .timescale 0 0;
    .port_info 0 /INPUT 1 "MCLK";
    .port_info 1 /INPUT 1 "RESET";
    .port_info 2 /INOUT 1 "SDA";
    .port_info 3 /INOUT 1 "SCL";
    .port_info 4 /OUTPUT 1 "LEDX";
    .port_info 5 /OUTPUT 1 "LEDSIGN";
L_0000022e4a3102a0 .functor BUFZ 1, v0000022e4a389060_0, C4<0>, C4<0>, C4<0>;
L_0000022e4a310bd0 .functor AND 1, L_0000022e4a3e3db0, L_0000022e4a3e4df0, C4<1>, C4<1>;
L_0000022e4a310770 .functor BUFZ 1, L_0000022e4a3e3810, C4<0>, C4<0>, C4<0>;
L_0000022e4a30f270 .functor BUFZ 1, L_0000022e4a3e40d0, C4<0>, C4<0>, C4<0>;
v0000022e4a37cf20_0 .net "ADR", 3 0, v0000022e4a311cb0_0;  1 drivers
v0000022e4a37c340_0 .net "COMPLETED", 0 0, v0000022e4a311e90_0;  1 drivers
v0000022e4a37d420_0 .net "DATA", 7 0, v0000022e4a311fd0_0;  1 drivers
v0000022e4a37c8e0_0 .net "DATA_VALID", 0 0, v0000022e4a3112b0_0;  1 drivers
v0000022e4a37cfc0_0 .net "DIN", 7 0, v0000022e4a2f73e0_0;  1 drivers
v0000022e4a37c840_0 .net "DOUT", 7 0, v0000022e4a3122f0_0;  1 drivers
v0000022e4a37bc60_0 .net "LEDSIGN", 0 0, v0000022e4a312750_0;  alias, 1 drivers
v0000022e4a37c700_0 .net "LEDX", 0 0, v0000022e4a3129d0_0;  alias, 1 drivers
v0000022e4a37c160_0 .net "LOAD", 0 0, v0000022e4a2f7de0_0;  1 drivers
v0000022e4a37c2a0_0 .net "MCLK", 0 0, v0000022e4a38a000_0;  alias, 1 drivers
v0000022e4a37d880_0 .net "NACK", 0 0, v0000022e4a311990_0;  1 drivers
v0000022e4a37c0c0_0 .net "QUEUED", 0 0, v0000022e4a3113f0_0;  1 drivers
v0000022e4a37d7e0_0 .net "RD", 0 0, v0000022e4a2f7fc0_0;  1 drivers
v0000022e4a37c200_0 .net "RESCAN", 0 0, v0000022e4a312e30_0;  1 drivers
v0000022e4a37c980_0 .net "RESET", 0 0, v0000022e4a389060_0;  alias, 1 drivers
v0000022e4a37ca20_0 .net "SCL", 0 0, L_0000022e4a3e3810;  alias, 1 drivers
v0000022e4a37c3e0_0 .net "SCL_IN", 0 0, L_0000022e4a310770;  1 drivers
v0000022e4a37d6a0_0 .net "SCL_OUT", 0 0, v0000022e4a312250_0;  1 drivers
v0000022e4a37d560_0 .net "SDA", 0 0, L_0000022e4a3e40d0;  alias, 1 drivers
v0000022e4a37bee0_0 .net "SDA_IN", 0 0, L_0000022e4a30f270;  1 drivers
v0000022e4a37c480_0 .net "SDA_OUT", 0 0, v0000022e4a312390_0;  1 drivers
v0000022e4a37c5c0_0 .net "SRST", 0 0, v0000022e4a2f8060_0;  1 drivers
v0000022e4a37bd00_0 .net "STATUS", 2 0, v0000022e4a311670_0;  1 drivers
v0000022e4a37d920_0 .net "STOP", 0 0, v0000022e4a311350_0;  1 drivers
v0000022e4a37d240_0 .net "TIC", 0 0, L_0000022e4a310bd0;  1 drivers
v0000022e4a37da60_0 .net "WE", 0 0, v0000022e4a37ce80_0;  1 drivers
v0000022e4a37c660_0 .var "XREG", 7 0;
L_0000022e4a38b008 .functor BUFT 1, C4<0>, C4<0>, C4<0>, C4<0>;
v0000022e4a37c7a0_0 .net/2u *"_ivl_10", 0 0, L_0000022e4a38b008;  1 drivers
o0000022e4a32cc58 .functor BUFZ 1, C4<z>; HiZ drive
; Elide local net with no drivers, v0000022e4a37d100_0 name=_ivl_16
L_0000022e4a38b050 .functor BUFT 1, C4<0>, C4<0>, C4<0>, C4<0>;
v0000022e4a37d740_0 .net/2u *"_ivl_18", 0 0, L_0000022e4a38b050;  1 drivers
v0000022e4a37cac0_0 .net *"_ivl_3", 0 0, L_0000022e4a3e3db0;  1 drivers
v0000022e4a37bbc0_0 .net *"_ivl_5", 0 0, L_0000022e4a3e4df0;  1 drivers
o0000022e4a32cd18 .functor BUFZ 1, C4<z>; HiZ drive
; Elide local net with no drivers, v0000022e4a37cb60_0 name=_ivl_8
v0000022e4a37c520_0 .var "counter", 7 0;
v0000022e4a37d060_0 .net "nRST", 0 0, L_0000022e4a3102a0;  1 drivers
L_0000022e4a3e3db0 .part v0000022e4a37c520_0, 7, 1;
L_0000022e4a3e4df0 .part v0000022e4a37c520_0, 5, 1;
L_0000022e4a3e3810 .functor MUXZ 1, L_0000022e4a38b008, o0000022e4a32cd18, v0000022e4a312250_0, C4<>;
L_0000022e4a3e40d0 .functor MUXZ 1, L_0000022e4a38b050, o0000022e4a32cc58, v0000022e4a312390_0, C4<>;
S_0000022e4a224450 .scope module, "I_COMPARE_0" "COMPARE" 4 82, 5 1 0, S_0000022e4a224180;
 .timescale 0 0;
    .port_info 0 /INPUT 1 "MCLK";
    .port_info 1 /INPUT 1 "nRST";
    .port_info 2 /INPUT 1 "TIC";
    .port_info 3 /INPUT 1 "COMPLETED";
    .port_info 4 /OUTPUT 1 "RESCAN";
    .port_info 5 /INPUT 8 "XREG";
    .port_info 6 /OUTPUT 1 "LEDX";
    .port_info 7 /OUTPUT 1 "SIGN";
L_0000022e4a30f6d0 .functor BUFZ 1, L_0000022e4a3894c0, C4<0>, C4<0>, C4<0>;
v0000022e4a312430_0 .net "COMPLETED", 0 0, v0000022e4a311e90_0;  alias, 1 drivers
v0000022e4a3129d0_0 .var "LEDX", 0 0;
v0000022e4a312110_0 .net "MCLK", 0 0, v0000022e4a38a000_0;  alias, 1 drivers
v0000022e4a312e30_0 .var "RESCAN", 0 0;
v0000022e4a312750_0 .var "SIGN", 0 0;
v0000022e4a3121b0_0 .net "TIC", 0 0, L_0000022e4a310bd0;  alias, 1 drivers
v0000022e4a311f30_0 .net "XREG", 7 0, v0000022e4a37c660_0;  1 drivers
L_0000022e4a38af78 .functor BUFT 1, C4<1>, C4<0>, C4<0>, C4<0>;
v0000022e4a312cf0_0 .net/2u *"_ivl_10", 0 0, L_0000022e4a38af78;  1 drivers
L_0000022e4a38afc0 .functor BUFT 1, C4<0>, C4<0>, C4<0>, C4<0>;
v0000022e4a311df0_0 .net/2u *"_ivl_12", 0 0, L_0000022e4a38afc0;  1 drivers
v0000022e4a3117b0_0 .net *"_ivl_2", 31 0, L_0000022e4a389420;  1 drivers
L_0000022e4a38aee8 .functor BUFT 1, C4<000000000000000000000000>, C4<0>, C4<0>, C4<0>;
v0000022e4a3124d0_0 .net *"_ivl_5", 23 0, L_0000022e4a38aee8;  1 drivers
L_0000022e4a38af30 .functor BUFT 1, C4<00000000000000000000000000000000>, C4<0>, C4<0>, C4<0>;
v0000022e4a312c50_0 .net/2u *"_ivl_6", 31 0, L_0000022e4a38af30;  1 drivers
v0000022e4a311210_0 .net *"_ivl_8", 0 0, L_0000022e4a389ba0;  1 drivers
v0000022e4a312d90_0 .net "ledx_a", 0 0, L_0000022e4a30f6d0;  1 drivers
v0000022e4a312bb0_0 .net "nRST", 0 0, L_0000022e4a3102a0;  alias, 1 drivers
v0000022e4a3118f0_0 .net "x2c", 7 0, L_0000022e4a389240;  1 drivers
v0000022e4a3127f0_0 .net "xy", 0 0, L_0000022e4a3894c0;  1 drivers
E_0000022e4a320180/0 .event negedge, v0000022e4a312bb0_0;
E_0000022e4a320180/1 .event posedge, v0000022e4a312110_0;
E_0000022e4a320180 .event/or E_0000022e4a320180/0, E_0000022e4a320180/1;
L_0000022e4a389240 .ufunc/vec4 TD_top_brain_tb.UUT.U_DEMO_MPU6050.I_COMPARE_0.magnitude, 8, v0000022e4a37c660_0 (v0000022e4a3126b0_0) S_0000022e4a2245e0;
L_0000022e4a389420 .concat [ 8 24 0 0], L_0000022e4a389240, L_0000022e4a38aee8;
L_0000022e4a389ba0 .cmp/gt 32, L_0000022e4a389420, L_0000022e4a38af30;
L_0000022e4a3894c0 .functor MUXZ 1, L_0000022e4a38afc0, L_0000022e4a38af78, L_0000022e4a389ba0, C4<>;
S_0000022e4a2245e0 .scope function.vec4.s8, "magnitude" "magnitude" 5 14, 5 14 0, S_0000022e4a224450;
 .timescale 0 0;
v0000022e4a3126b0_0 .var "a", 7 0;
; Variable magnitude is vec4 return value of scope S_0000022e4a2245e0
v0000022e4a312930_0 .var "ret", 7 0;
TD_top_brain_tb.UUT.U_DEMO_MPU6050.I_COMPARE_0.magnitude ;
    %load/vec4 v0000022e4a3126b0_0;
    %parti/s 1, 7, 4;
    %cmpi/e 1, 0, 1;
    %jmp/0xz  T_0.0, 4;
    %load/vec4 v0000022e4a3126b0_0;
    %inv;
    %addi 1, 0, 8;
    %store/vec4 v0000022e4a312930_0, 0, 8;
    %jmp T_0.1;
T_0.0 ;
    %load/vec4 v0000022e4a3126b0_0;
    %store/vec4 v0000022e4a312930_0, 0, 8;
T_0.1 ;
    %load/vec4 v0000022e4a312930_0;
    %ret/vec4 0, 0, 8;  Assign to magnitude (store_vec4_to_lval)
    %end;
S_0000022e4a2ce370 .scope module, "I_I2CMASTER_0" "I2CMASTER" 4 61, 6 2 0, S_0000022e4a224180;
 .timescale 0 0;
    .port_info 0 /INPUT 1 "MCLK";
    .port_info 1 /INPUT 1 "nRST";
    .port_info 2 /INPUT 1 "SRST";
    .port_info 3 /INPUT 1 "TIC";
    .port_info 4 /INPUT 8 "DIN";
    .port_info 5 /OUTPUT 8 "DOUT";
    .port_info 6 /INPUT 1 "RD";
    .port_info 7 /INPUT 1 "WE";
    .port_info 8 /OUTPUT 1 "NACK";
    .port_info 9 /OUTPUT 1 "QUEUED";
    .port_info 10 /OUTPUT 1 "DATA_VALID";
    .port_info 11 /OUTPUT 1 "STOP";
    .port_info 12 /OUTPUT 3 "STATUS";
    .port_info 13 /INPUT 1 "SCL_IN";
    .port_info 14 /OUTPUT 1 "SCL_OUT";
    .port_info 15 /INPUT 1 "SDA_IN";
    .port_info 16 /OUTPUT 1 "SDA_OUT";
P_0000022e4a2b7e10 .param/l "DEVICE" 0 6 22, C4<01101000>;
P_0000022e4a2b7e48 .param/l "S_CHECKACK" 0 6 30, C4<00101>;
P_0000022e4a2b7e80 .param/l "S_CHECKACKDOWN" 0 6 32, C4<00111>;
P_0000022e4a2b7eb8 .param/l "S_CHECKACKUP" 0 6 31, C4<00110>;
P_0000022e4a2b7ef0 .param/l "S_IDLE" 0 6 25, C4<00000>;
P_0000022e4a2b7f28 .param/l "S_PRESTOP" 0 6 34, C4<01001>;
P_0000022e4a2b7f60 .param/l "S_RDSCLDOWN" 0 6 39, C4<01110>;
P_0000022e4a2b7f98 .param/l "S_RDSCLUP" 0 6 38, C4<01101>;
P_0000022e4a2b7fd0 .param/l "S_READ" 0 6 36, C4<01011>;
P_0000022e4a2b8008 .param/l "S_RECVBIT" 0 6 37, C4<01100>;
P_0000022e4a2b8040 .param/l "S_RESTART" 0 6 43, C4<10010>;
P_0000022e4a2b8078 .param/l "S_SENDACK" 0 6 40, C4<01111>;
P_0000022e4a2b80b0 .param/l "S_SENDACKDOWN" 0 6 42, C4<10001>;
P_0000022e4a2b80e8 .param/l "S_SENDACKUP" 0 6 41, C4<10000>;
P_0000022e4a2b8120 .param/l "S_SENDBIT" 0 6 27, C4<00010>;
P_0000022e4a2b8158 .param/l "S_START" 0 6 26, C4<00001>;
P_0000022e4a2b8190 .param/l "S_STOP" 0 6 35, C4<01010>;
P_0000022e4a2b81c8 .param/l "S_WESCLDOWN" 0 6 29, C4<00100>;
P_0000022e4a2b8200 .param/l "S_WESCLUP" 0 6 28, C4<00011>;
P_0000022e4a2b8238 .param/l "S_WRITE" 0 6 33, C4<01000>;
v0000022e4a3112b0_0 .var "DATA_VALID", 0 0;
v0000022e4a311d50_0 .net "DIN", 7 0, v0000022e4a2f73e0_0;  alias, 1 drivers
v0000022e4a3122f0_0 .var "DOUT", 7 0;
v0000022e4a313010_0 .net "MCLK", 0 0, v0000022e4a38a000_0;  alias, 1 drivers
v0000022e4a311990_0 .var "NACK", 0 0;
v0000022e4a3113f0_0 .var "QUEUED", 0 0;
v0000022e4a312f70_0 .net "RD", 0 0, v0000022e4a2f7fc0_0;  alias, 1 drivers
v0000022e4a3130b0_0 .net "SCL_IN", 0 0, L_0000022e4a310770;  alias, 1 drivers
v0000022e4a312250_0 .var "SCL_OUT", 0 0;
v0000022e4a312070_0 .net "SDA_IN", 0 0, L_0000022e4a30f270;  alias, 1 drivers
v0000022e4a312390_0 .var "SDA_OUT", 0 0;
v0000022e4a312890_0 .net "SRST", 0 0, v0000022e4a2f8060_0;  alias, 1 drivers
v0000022e4a311670_0 .var "STATUS", 2 0;
v0000022e4a311350_0 .var "STOP", 0 0;
v0000022e4a311490_0 .net "TIC", 0 0, L_0000022e4a310bd0;  alias, 1 drivers
v0000022e4a312570_0 .net "WE", 0 0, v0000022e4a37ce80_0;  alias, 1 drivers
v0000022e4a311530_0 .var "counter", 3 0;
v0000022e4a3115d0_0 .net "nRST", 0 0, L_0000022e4a3102a0;  alias, 1 drivers
v0000022e4a311a30_0 .var "nackdet", 0 0;
v0000022e4a312610_0 .var "next_counter", 3 0;
v0000022e4a312a70_0 .var "next_state", 4 0;
v0000022e4a311710_0 .var "sda_in_q", 0 0;
v0000022e4a311ad0_0 .var "sda_in_qq", 0 0;
v0000022e4a311b70_0 .var "shift", 7 0;
v0000022e4a311c10_0 .var "state", 4 0;
E_0000022e4a320300 .event anyedge, v0000022e4a311530_0;
S_0000022e4a2ce500 .scope module, "I_MPU6050_0" "MPU6050" 4 40, 7 2 0, S_0000022e4a224180;
 .timescale 0 0;
    .port_info 0 /INPUT 1 "MCLK";
    .port_info 1 /INPUT 1 "nRST";
    .port_info 2 /INPUT 1 "TIC";
    .port_info 3 /OUTPUT 1 "SRST";
    .port_info 4 /OUTPUT 8 "DOUT";
    .port_info 5 /OUTPUT 1 "RD";
    .port_info 6 /OUTPUT 1 "WE";
    .port_info 7 /INPUT 1 "QUEUED";
    .port_info 8 /INPUT 1 "NACK";
    .port_info 9 /INPUT 1 "STOP";
    .port_info 10 /INPUT 1 "DATA_VALID";
    .port_info 11 /INPUT 8 "DIN";
    .port_info 12 /OUTPUT 4 "ADR";
    .port_info 13 /OUTPUT 8 "DATA";
    .port_info 14 /OUTPUT 1 "LOAD";
    .port_info 15 /OUTPUT 1 "COMPLETED";
    .port_info 16 /INPUT 1 "RESCAN";
P_0000022e4a2ce690 .param/l "S_IDLE" 0 7 23, C4<000>;
P_0000022e4a2ce6c8 .param/l "S_PWRMGT0" 0 7 24, C4<001>;
P_0000022e4a2ce700 .param/l "S_PWRMGT1" 0 7 25, C4<010>;
P_0000022e4a2ce738 .param/l "S_READ0" 0 7 26, C4<011>;
P_0000022e4a2ce770 .param/l "S_READ1" 0 7 27, C4<100>;
P_0000022e4a2ce7a8 .param/l "S_STABLE" 0 7 28, C4<101>;
v0000022e4a311cb0_0 .var "ADR", 3 0;
v0000022e4a311e90_0 .var "COMPLETED", 0 0;
v0000022e4a311fd0_0 .var "DATA", 7 0;
v0000022e4a312b10_0 .net "DATA_VALID", 0 0, v0000022e4a3112b0_0;  alias, 1 drivers
v0000022e4a2f7980_0 .net "DIN", 7 0, v0000022e4a3122f0_0;  alias, 1 drivers
v0000022e4a2f73e0_0 .var "DOUT", 7 0;
v0000022e4a2f7de0_0 .var "LOAD", 0 0;
v0000022e4a2f72a0_0 .net "MCLK", 0 0, v0000022e4a38a000_0;  alias, 1 drivers
v0000022e4a2f7480_0 .net "NACK", 0 0, v0000022e4a311990_0;  alias, 1 drivers
v0000022e4a2f7ac0_0 .net "QUEUED", 0 0, v0000022e4a3113f0_0;  alias, 1 drivers
v0000022e4a2f7fc0_0 .var "RD", 0 0;
v0000022e4a2f7520_0 .net "RESCAN", 0 0, v0000022e4a312e30_0;  alias, 1 drivers
v0000022e4a2f8060_0 .var "SRST", 0 0;
v0000022e4a2f7660_0 .net "STOP", 0 0, v0000022e4a311350_0;  alias, 1 drivers
v0000022e4a37d9c0_0 .net "TIC", 0 0, L_0000022e4a310bd0;  alias, 1 drivers
v0000022e4a37ce80_0 .var "WE", 0 0;
v0000022e4a37cca0_0 .var "adr_i", 3 0;
v0000022e4a37cd40_0 .net "nRST", 0 0, L_0000022e4a3102a0;  alias, 1 drivers
v0000022e4a37cde0_0 .var "state", 2 0;
E_0000022e4a3201c0 .event anyedge, v0000022e4a37cca0_0;
S_0000022e4a2a47f0 .scope module, "U_tamagotchi_fsm" "tamagotchi_fsm" 3 65, 8 1 0, S_0000022e4a223ff0;
 .timescale 0 0;
    .port_info 0 /INPUT 1 "btn_salud";
    .port_info 1 /INPUT 1 "btn_energia";
    .port_info 2 /INPUT 1 "ledsign";
    .port_info 3 /INPUT 1 "btn_hambre";
    .port_info 4 /INPUT 1 "btn_diversion";
    .port_info 5 /INPUT 1 "btn_reset";
    .port_info 6 /INPUT 1 "btn_test";
    .port_info 7 /INPUT 1 "clk";
    .port_info 8 /OUTPUT 4 "display_out";
    .port_info 9 /OUTPUT 7 "seg_display";
v0000022e4a37d2e0_0 .net "btn_diversion", 0 0, o0000022e4a32cef8;  alias, 0 drivers
v0000022e4a37bf80_0 .net "btn_energia", 0 0, v0000022e4a312750_0;  alias, 1 drivers
v0000022e4a37d380_0 .net "btn_hambre", 0 0, v0000022e4a38a640_0;  alias, 1 drivers
v0000022e4a37be40_0 .var "btn_press_count", 1 0;
v0000022e4a37d4c0_0 .net8 "btn_reset", 0 0, RS_0000022e4a32cf88;  alias, 2 drivers
v0000022e4a37d600_0 .net "btn_salud", 0 0, v0000022e4a389c40_0;  alias, 1 drivers
v0000022e4a37cc00_0 .net "btn_test", 0 0, o0000022e4a32cfe8;  alias, 0 drivers
v0000022e4a37c020_0 .net "clk", 0 0, v0000022e4a38a000_0;  alias, 1 drivers
v0000022e4a37dbd0_0 .var "display_out", 3 0;
o0000022e4a32d048 .functor BUFZ 1, C4<z>; HiZ drive
v0000022e4a37f070_0 .net "ledsign", 0 0, o0000022e4a32d048;  0 drivers
v0000022e4a37e2b0_0 .var "nivel_diversion", 3 0;
v0000022e4a37e3f0_0 .var "nivel_energia", 3 0;
v0000022e4a37f4d0_0 .var "nivel_hambre", 3 0;
v0000022e4a37e8f0_0 .var "nivel_salud", 3 0;
v0000022e4a37ee90_0 .var "seg_display", 6 0;
v0000022e4a37e0d0_0 .var "test_mode", 0 0;
v0000022e4a37f610_0 .var "timer_diversion", 7 0;
v0000022e4a37e7b0_0 .var "timer_energia", 7 0;
v0000022e4a37f9d0_0 .var "timer_hambre", 7 0;
v0000022e4a37f930_0 .var "timer_salud", 7 0;
E_0000022e4a320480 .event posedge, v0000022e4a312110_0;
S_0000022e4a27ae70 .scope function.vec4.s7, "get_seg_display" "get_seg_display" 8 238, 8 238 0, S_0000022e4a2a47f0;
 .timescale 0 0;
; Variable get_seg_display is vec4 return value of scope S_0000022e4a27ae70
v0000022e4a37bda0_0 .var "level", 3 0;
TD_top_brain_tb.UUT.U_tamagotchi_fsm.get_seg_display ;
    %load/vec4 v0000022e4a37bda0_0;
    %dup/vec4;
    %pushi/vec4 0, 0, 4;
    %cmp/u;
    %jmp/1 T_1.2, 6;
    %dup/vec4;
    %pushi/vec4 1, 0, 4;
    %cmp/u;
    %jmp/1 T_1.3, 6;
    %dup/vec4;
    %pushi/vec4 2, 0, 4;
    %cmp/u;
    %jmp/1 T_1.4, 6;
    %dup/vec4;
    %pushi/vec4 3, 0, 4;
    %cmp/u;
    %jmp/1 T_1.5, 6;
    %dup/vec4;
    %pushi/vec4 4, 0, 4;
    %cmp/u;
    %jmp/1 T_1.6, 6;
    %dup/vec4;
    %pushi/vec4 5, 0, 4;
    %cmp/u;
    %jmp/1 T_1.7, 6;
    %dup/vec4;
    %pushi/vec4 6, 0, 4;
    %cmp/u;
    %jmp/1 T_1.8, 6;
    %dup/vec4;
    %pushi/vec4 7, 0, 4;
    %cmp/u;
    %jmp/1 T_1.9, 6;
    %dup/vec4;
    %pushi/vec4 8, 0, 4;
    %cmp/u;
    %jmp/1 T_1.10, 6;
    %dup/vec4;
    %pushi/vec4 9, 0, 4;
    %cmp/u;
    %jmp/1 T_1.11, 6;
    %dup/vec4;
    %pushi/vec4 10, 0, 4;
    %cmp/u;
    %jmp/1 T_1.12, 6;
    %pushi/vec4 0, 0, 7;
    %ret/vec4 0, 0, 7;  Assign to get_seg_display (store_vec4_to_lval)
    %jmp T_1.14;
T_1.2 ;
    %pushi/vec4 63, 0, 7;
    %ret/vec4 0, 0, 7;  Assign to get_seg_display (store_vec4_to_lval)
    %jmp T_1.14;
T_1.3 ;
    %pushi/vec4 6, 0, 7;
    %ret/vec4 0, 0, 7;  Assign to get_seg_display (store_vec4_to_lval)
    %jmp T_1.14;
T_1.4 ;
    %pushi/vec4 91, 0, 7;
    %ret/vec4 0, 0, 7;  Assign to get_seg_display (store_vec4_to_lval)
    %jmp T_1.14;
T_1.5 ;
    %pushi/vec4 79, 0, 7;
    %ret/vec4 0, 0, 7;  Assign to get_seg_display (store_vec4_to_lval)
    %jmp T_1.14;
T_1.6 ;
    %pushi/vec4 102, 0, 7;
    %ret/vec4 0, 0, 7;  Assign to get_seg_display (store_vec4_to_lval)
    %jmp T_1.14;
T_1.7 ;
    %pushi/vec4 109, 0, 7;
    %ret/vec4 0, 0, 7;  Assign to get_seg_display (store_vec4_to_lval)
    %jmp T_1.14;
T_1.8 ;
    %pushi/vec4 125, 0, 7;
    %ret/vec4 0, 0, 7;  Assign to get_seg_display (store_vec4_to_lval)
    %jmp T_1.14;
T_1.9 ;
    %pushi/vec4 7, 0, 7;
    %ret/vec4 0, 0, 7;  Assign to get_seg_display (store_vec4_to_lval)
    %jmp T_1.14;
T_1.10 ;
    %pushi/vec4 127, 0, 7;
    %ret/vec4 0, 0, 7;  Assign to get_seg_display (store_vec4_to_lval)
    %jmp T_1.14;
T_1.11 ;
    %pushi/vec4 111, 0, 7;
    %ret/vec4 0, 0, 7;  Assign to get_seg_display (store_vec4_to_lval)
    %jmp T_1.14;
T_1.12 ;
    %pushi/vec4 119, 0, 7;
    %ret/vec4 0, 0, 7;  Assign to get_seg_display (store_vec4_to_lval)
    %jmp T_1.14;
T_1.14 ;
    %pop/vec4 1;
    %end;
S_0000022e4a27b000 .scope module, "U_top" "top" 3 46, 9 1 0, S_0000022e4a223ff0;
 .timescale 0 0;
    .port_info 0 /INPUT 1 "clk";
    .port_info 1 /INPUT 1 "echo";
    .port_info 2 /OUTPUT 1 "trig";
    .port_info 3 /OUTPUT 1 "sens_ult";
    .port_info 4 /OUTPUT 1 "led1";
    .port_info 5 /OUTPUT 20 "s0";
v0000022e4a37e210_0 .net "clk", 0 0, v0000022e4a38a000_0;  alias, 1 drivers
v0000022e4a37e990_0 .net "echo", 0 0, v0000022e4a38a1e0_0;  alias, 1 drivers
v0000022e4a37f110_0 .net "led1", 0 0, v0000022e4a37dd10_0;  alias, 1 drivers
v0000022e4a37f7f0_0 .net "s0", 19 0, v0000022e4a37ed50_0;  alias, 1 drivers
v0000022e4a37ddb0_0 .net "sens_ult", 0 0, v0000022e4a37ec10_0;  alias, 1 drivers
v0000022e4a37edf0_0 .net "trig", 0 0, v0000022e4a37e710_0;  alias, 1 drivers
S_0000022e4a37fb90 .scope module, "ContadorConEcho_i1" "ContadorConEcho" 9 21, 10 1 0, S_0000022e4a27b000;
 .timescale 0 0;
    .port_info 0 /INPUT 1 "clk";
    .port_info 1 /INPUT 1 "echo";
    .port_info 2 /OUTPUT 20 "contador2";
v0000022e4a37eb70_0 .net "clk", 0 0, v0000022e4a38a000_0;  alias, 1 drivers
v0000022e4a37ed50_0 .var "contador2", 19 0;
v0000022e4a37f890_0 .net "echo", 0 0, v0000022e4a38a1e0_0;  alias, 1 drivers
S_0000022e4a37fd20 .scope module, "ContadorConTrigger_i0" "ContadorConTrigger" 9 15, 11 1 0, S_0000022e4a27b000;
 .timescale 0 0;
    .port_info 0 /INPUT 1 "clk";
    .port_info 1 /INPUT 1 "echo";
    .port_info 2 /OUTPUT 1 "trigger";
P_0000022e4a320d80 .param/l "limite" 0 11 10, C4<00000000000111110100>;
v0000022e4a37fa70_0 .net "clk", 0 0, v0000022e4a38a000_0;  alias, 1 drivers
v0000022e4a37ecb0_0 .var "contador1", 19 0;
v0000022e4a37dc70_0 .net "echo", 0 0, v0000022e4a38a1e0_0;  alias, 1 drivers
v0000022e4a37e710_0 .var "trigger", 0 0;
E_0000022e4a320b00 .event negedge, v0000022e4a37f890_0;
S_0000022e4a2b3980 .scope module, "ControlLed_i2" "ControlLed" 9 27, 12 1 0, S_0000022e4a27b000;
 .timescale 0 0;
    .port_info 0 /INPUT 1 "clk";
    .port_info 1 /INPUT 1 "echo";
    .port_info 2 /INPUT 20 "contador2";
    .port_info 3 /OUTPUT 1 "sens_ult";
    .port_info 4 /OUTPUT 1 "led1";
P_0000022e4a2a4980 .param/l "DOWNSENS" 0 12 23, C4<0111110100>;
P_0000022e4a2a49b8 .param/l "L" 0 12 25, C4<11100110011110>;
P_0000022e4a2a49f0 .param/l "Lm" 0 12 26, C4<00101110000110>;
v0000022e4a37ead0_0 .net "clk", 0 0, v0000022e4a38a000_0;  alias, 1 drivers
v0000022e4a37f430_0 .net "contador2", 19 0, v0000022e4a37ed50_0;  alias, 1 drivers
v0000022e4a37f570_0 .var "downSens", 9 0;
v0000022e4a37f1b0_0 .net "echo", 0 0, v0000022e4a38a1e0_0;  alias, 1 drivers
v0000022e4a37dd10_0 .var "led1", 0 0;
v0000022e4a37ec10_0 .var "sens_ult", 0 0;
S_0000022e4a2b3b10 .scope module, "U_topBtn" "topBtn" 3 34, 13 1 0, S_0000022e4a223ff0;
 .timescale 0 0;
    .port_info 0 /INPUT 1 "clk";
    .port_info 1 /INPUT 1 "btn_heal";
    .port_info 2 /INPUT 1 "btn_ali";
    .port_info 3 /INPUT 1 "btn_RST";
    .port_info 4 /INPUT 1 "btn_TST";
    .port_info 5 /OUTPUT 1 "btn_salud";
    .port_info 6 /OUTPUT 1 "btn_hambre";
    .port_info 7 /OUTPUT 1 "btn_reset";
    .port_info 8 /OUTPUT 1 "btn_test";
v0000022e4a389ec0_0 .net "RST", 0 0, v0000022e4a37f2f0_0;  1 drivers
v0000022e4a38a6e0_0 .net "TST", 0 0, v0000022e4a37e530_0;  1 drivers
v0000022e4a38a460_0 .net "ali", 0 0, v0000022e4a37ef30_0;  1 drivers
v0000022e4a38aaa0_0 .net "btn_RST", 0 0, v0000022e4a3896a0_0;  alias, 1 drivers
v0000022e4a38ab40_0 .net "btn_TST", 0 0, v0000022e4a389f60_0;  alias, 1 drivers
v0000022e4a38ad20_0 .net "btn_ali", 0 0, v0000022e4a389b00_0;  alias, 1 drivers
v0000022e4a38a640_0 .var "btn_hambre", 0 0;
v0000022e4a38a320_0 .net "btn_heal", 0 0, v0000022e4a388fc0_0;  alias, 1 drivers
v0000022e4a389920_0 .var "btn_reset", 0 0;
v0000022e4a389c40_0 .var "btn_salud", 0 0;
v0000022e4a389d80_0 .var "btn_test", 0 0;
v0000022e4a3892e0_0 .net "clk", 0 0, v0000022e4a38a000_0;  alias, 1 drivers
v0000022e4a38a780_0 .net "heal", 0 0, v0000022e4a37f250_0;  1 drivers
S_0000022e4a2b24f0 .scope module, "B_ali" "btnAntirebote" 13 29, 14 1 0, S_0000022e4a2b3b10;
 .timescale 0 0;
    .port_info 0 /INPUT 1 "clk";
    .port_info 1 /INPUT 1 "boton_in";
    .port_info 2 /OUTPUT 1 "boton_out";
P_0000022e4a3204c0 .param/l "COUNT_BOT" 0 14 1, +C4<00000000000000001100001101010000>;
v0000022e4a37de50_0 .net "boton_in", 0 0, v0000022e4a389b00_0;  alias, 1 drivers
v0000022e4a37ef30_0 .var "boton_out", 0 0;
v0000022e4a37e850_0 .net "clk", 0 0, v0000022e4a38a000_0;  alias, 1 drivers
v0000022e4a37efd0_0 .var "counter", 15 0;
v0000022e4a37ea30_0 .var "reset", 0 0;
S_0000022e4a2b2680 .scope module, "B_heal" "btnAntirebote" 13 28, 14 1 0, S_0000022e4a2b3b10;
 .timescale 0 0;
    .port_info 0 /INPUT 1 "clk";
    .port_info 1 /INPUT 1 "boton_in";
    .port_info 2 /OUTPUT 1 "boton_out";
P_0000022e4a321100 .param/l "COUNT_BOT" 0 14 1, +C4<00000000000000001100001101010000>;
v0000022e4a37def0_0 .net "boton_in", 0 0, v0000022e4a388fc0_0;  alias, 1 drivers
v0000022e4a37f250_0 .var "boton_out", 0 0;
v0000022e4a37df90_0 .net "clk", 0 0, v0000022e4a38a000_0;  alias, 1 drivers
v0000022e4a37f750_0 .var "counter", 15 0;
v0000022e4a37e030_0 .var "reset", 0 0;
S_0000022e4a2c4700 .scope module, "B_rst" "btnRT" 13 30, 15 1 0, S_0000022e4a2b3b10;
 .timescale 0 0;
    .port_info 0 /INPUT 1 "clk";
    .port_info 1 /INPUT 1 "boton_in";
    .port_info 2 /OUTPUT 1 "boton_out";
P_0000022e4a321280 .param/l "COUNT_LIMIT" 1 15 7, +C4<00000000000000000000100111000100>;
v0000022e4a37e170_0 .net "boton_in", 0 0, v0000022e4a3896a0_0;  alias, 1 drivers
v0000022e4a37f2f0_0 .var "boton_out", 0 0;
v0000022e4a37e350_0 .net "clk", 0 0, v0000022e4a38a000_0;  alias, 1 drivers
v0000022e4a37f390_0 .var "counter", 11 0;
S_0000022e4a388b90 .scope module, "B_tst" "btnRT" 13 31, 15 1 0, S_0000022e4a2b3b10;
 .timescale 0 0;
    .port_info 0 /INPUT 1 "clk";
    .port_info 1 /INPUT 1 "boton_in";
    .port_info 2 /OUTPUT 1 "boton_out";
P_0000022e4a320c80 .param/l "COUNT_LIMIT" 1 15 7, +C4<00000000000000000000100111000100>;
v0000022e4a37e490_0 .net "boton_in", 0 0, v0000022e4a389f60_0;  alias, 1 drivers
v0000022e4a37e530_0 .var "boton_out", 0 0;
v0000022e4a37e5d0_0 .net "clk", 0 0, v0000022e4a38a000_0;  alias, 1 drivers
v0000022e4a37e670_0 .var "counter", 11 0;
    .scope S_0000022e4a2b2680;
T_2 ;
    %pushi/vec4 0, 0, 1;
    %store/vec4 v0000022e4a37f250_0, 0, 1;
    %pushi/vec4 0, 0, 1;
    %store/vec4 v0000022e4a37e030_0, 0, 1;
    %end;
    .thread T_2;
    .scope S_0000022e4a2b2680;
T_3 ;
    %wait E_0000022e4a320480;
    %load/vec4 v0000022e4a37e030_0;
    %inv;
    %flag_set/vec4 8;
    %jmp/0xz  T_3.0, 8;
    %pushi/vec4 0, 0, 16;
    %assign/vec4 v0000022e4a37f750_0, 0;
    %load/vec4 v0000022e4a37def0_0;
    %assign/vec4 v0000022e4a37f250_0, 0;
    %jmp T_3.1;
T_3.0 ;
    %load/vec4 v0000022e4a37def0_0;
    %load/vec4 v0000022e4a37f250_0;
    %cmp/e;
    %jmp/0xz  T_3.2, 4;
    %load/vec4 v0000022e4a37f750_0;
    %addi 1, 0, 16;
    %assign/vec4 v0000022e4a37f750_0, 0;
    %jmp T_3.3;
T_3.2 ;
    %pushi/vec4 0, 0, 16;
    %assign/vec4 v0000022e4a37f750_0, 0;
T_3.3 ;
    %load/vec4 v0000022e4a37def0_0;
    %pad/u 32;
    %cmpi/e 0, 0, 32;
    %flag_get/vec4 4;
    %jmp/0 T_3.6, 4;
    %load/vec4 v0000022e4a37f750_0;
    %pad/u 32;
    %pushi/vec4 50000, 0, 32;
    %cmp/e;
    %flag_get/vec4 4;
    %and;
T_3.6;
    %flag_set/vec4 8;
    %jmp/0xz  T_3.4, 8;
    %pushi/vec4 0, 0, 1;
    %assign/vec4 v0000022e4a37f250_0, 0;
    %pushi/vec4 0, 0, 16;
    %assign/vec4 v0000022e4a37f750_0, 0;
T_3.4 ;
    %load/vec4 v0000022e4a37def0_0;
    %pad/u 32;
    %cmpi/e 1, 0, 32;
    %flag_get/vec4 4;
    %jmp/0 T_3.9, 4;
    %load/vec4 v0000022e4a37f750_0;
    %pad/u 32;
    %pushi/vec4 501, 0, 32;
    %cmp/e;
    %flag_get/vec4 4;
    %and;
T_3.9;
    %flag_set/vec4 8;
    %jmp/0xz  T_3.7, 8;
    %pushi/vec4 1, 0, 1;
    %assign/vec4 v0000022e4a37f250_0, 0;
    %pushi/vec4 0, 0, 16;
    %assign/vec4 v0000022e4a37f750_0, 0;
T_3.7 ;
T_3.1 ;
    %jmp T_3;
    .thread T_3;
    .scope S_0000022e4a2b24f0;
T_4 ;
    %pushi/vec4 0, 0, 1;
    %store/vec4 v0000022e4a37ef30_0, 0, 1;
    %pushi/vec4 0, 0, 1;
    %store/vec4 v0000022e4a37ea30_0, 0, 1;
    %end;
    .thread T_4;
    .scope S_0000022e4a2b24f0;
T_5 ;
    %wait E_0000022e4a320480;
    %load/vec4 v0000022e4a37ea30_0;
    %inv;
    %flag_set/vec4 8;
    %jmp/0xz  T_5.0, 8;
    %pushi/vec4 0, 0, 16;
    %assign/vec4 v0000022e4a37efd0_0, 0;
    %load/vec4 v0000022e4a37de50_0;
    %assign/vec4 v0000022e4a37ef30_0, 0;
    %jmp T_5.1;
T_5.0 ;
    %load/vec4 v0000022e4a37de50_0;
    %load/vec4 v0000022e4a37ef30_0;
    %cmp/e;
    %jmp/0xz  T_5.2, 4;
    %load/vec4 v0000022e4a37efd0_0;
    %addi 1, 0, 16;
    %assign/vec4 v0000022e4a37efd0_0, 0;
    %jmp T_5.3;
T_5.2 ;
    %pushi/vec4 0, 0, 16;
    %assign/vec4 v0000022e4a37efd0_0, 0;
T_5.3 ;
    %load/vec4 v0000022e4a37de50_0;
    %pad/u 32;
    %cmpi/e 0, 0, 32;
    %flag_get/vec4 4;
    %jmp/0 T_5.6, 4;
    %load/vec4 v0000022e4a37efd0_0;
    %pad/u 32;
    %pushi/vec4 50000, 0, 32;
    %cmp/e;
    %flag_get/vec4 4;
    %and;
T_5.6;
    %flag_set/vec4 8;
    %jmp/0xz  T_5.4, 8;
    %pushi/vec4 0, 0, 1;
    %assign/vec4 v0000022e4a37ef30_0, 0;
    %pushi/vec4 0, 0, 16;
    %assign/vec4 v0000022e4a37efd0_0, 0;
T_5.4 ;
    %load/vec4 v0000022e4a37de50_0;
    %pad/u 32;
    %cmpi/e 1, 0, 32;
    %flag_get/vec4 4;
    %jmp/0 T_5.9, 4;
    %load/vec4 v0000022e4a37efd0_0;
    %pad/u 32;
    %pushi/vec4 501, 0, 32;
    %cmp/e;
    %flag_get/vec4 4;
    %and;
T_5.9;
    %flag_set/vec4 8;
    %jmp/0xz  T_5.7, 8;
    %pushi/vec4 1, 0, 1;
    %assign/vec4 v0000022e4a37ef30_0, 0;
    %pushi/vec4 0, 0, 16;
    %assign/vec4 v0000022e4a37efd0_0, 0;
T_5.7 ;
T_5.1 ;
    %jmp T_5;
    .thread T_5;
    .scope S_0000022e4a2c4700;
T_6 ;
    %pushi/vec4 0, 0, 1;
    %store/vec4 v0000022e4a37f2f0_0, 0, 1;
    %pushi/vec4 0, 0, 12;
    %store/vec4 v0000022e4a37f390_0, 0, 12;
    %end;
    .thread T_6;
    .scope S_0000022e4a2c4700;
T_7 ;
    %wait E_0000022e4a320480;
    %load/vec4 v0000022e4a37e170_0;
    %flag_set/vec4 8;
    %jmp/0xz  T_7.0, 8;
    %load/vec4 v0000022e4a37f390_0;
    %addi 1, 0, 12;
    %assign/vec4 v0000022e4a37f390_0, 0;
    %load/vec4 v0000022e4a37f390_0;
    %pad/u 32;
    %cmpi/u 2500, 0, 32;
    %flag_inv 5; GE is !LT
    %jmp/0xz  T_7.2, 5;
    %pushi/vec4 1, 0, 1;
    %assign/vec4 v0000022e4a37f2f0_0, 0;
T_7.2 ;
    %jmp T_7.1;
T_7.0 ;
    %pushi/vec4 0, 0, 12;
    %assign/vec4 v0000022e4a37f390_0, 0;
    %pushi/vec4 0, 0, 1;
    %assign/vec4 v0000022e4a37f2f0_0, 0;
T_7.1 ;
    %jmp T_7;
    .thread T_7;
    .scope S_0000022e4a388b90;
T_8 ;
    %pushi/vec4 0, 0, 1;
    %store/vec4 v0000022e4a37e530_0, 0, 1;
    %pushi/vec4 0, 0, 12;
    %store/vec4 v0000022e4a37e670_0, 0, 12;
    %end;
    .thread T_8;
    .scope S_0000022e4a388b90;
T_9 ;
    %wait E_0000022e4a320480;
    %load/vec4 v0000022e4a37e490_0;
    %flag_set/vec4 8;
    %jmp/0xz  T_9.0, 8;
    %load/vec4 v0000022e4a37e670_0;
    %addi 1, 0, 12;
    %assign/vec4 v0000022e4a37e670_0, 0;
    %load/vec4 v0000022e4a37e670_0;
    %pad/u 32;
    %cmpi/u 2500, 0, 32;
    %flag_inv 5; GE is !LT
    %jmp/0xz  T_9.2, 5;
    %pushi/vec4 1, 0, 1;
    %assign/vec4 v0000022e4a37e530_0, 0;
T_9.2 ;
    %jmp T_9.1;
T_9.0 ;
    %pushi/vec4 0, 0, 12;
    %assign/vec4 v0000022e4a37e670_0, 0;
    %pushi/vec4 0, 0, 1;
    %assign/vec4 v0000022e4a37e530_0, 0;
T_9.1 ;
    %jmp T_9;
    .thread T_9;
    .scope S_0000022e4a2b3b10;
T_10 ;
    %pushi/vec4 0, 0, 1;
    %store/vec4 v0000022e4a389c40_0, 0, 1;
    %pushi/vec4 0, 0, 1;
    %store/vec4 v0000022e4a38a640_0, 0, 1;
    %pushi/vec4 0, 0, 1;
    %store/vec4 v0000022e4a389920_0, 0, 1;
    %pushi/vec4 0, 0, 1;
    %store/vec4 v0000022e4a389d80_0, 0, 1;
    %end;
    .thread T_10;
    .scope S_0000022e4a2b3b10;
T_11 ;
    %wait E_0000022e4a320480;
    %load/vec4 v0000022e4a38a780_0;
    %store/vec4 v0000022e4a389c40_0, 0, 1;
    %load/vec4 v0000022e4a38a460_0;
    %store/vec4 v0000022e4a38a640_0, 0, 1;
    %load/vec4 v0000022e4a389ec0_0;
    %store/vec4 v0000022e4a389920_0, 0, 1;
    %load/vec4 v0000022e4a38a6e0_0;
    %store/vec4 v0000022e4a389d80_0, 0, 1;
    %jmp T_11;
    .thread T_11;
    .scope S_0000022e4a37fd20;
T_12 ;
    %pushi/vec4 0, 0, 20;
    %store/vec4 v0000022e4a37ecb0_0, 0, 20;
    %pushi/vec4 0, 0, 1;
    %store/vec4 v0000022e4a37e710_0, 0, 1;
    %end;
    .thread T_12;
    .scope S_0000022e4a37fd20;
T_13 ;
    %wait E_0000022e4a320b00;
    %pushi/vec4 0, 0, 20;
    %store/vec4 v0000022e4a37ecb0_0, 0, 20;
    %jmp T_13;
    .thread T_13;
    .scope S_0000022e4a37fd20;
T_14 ;
    %wait E_0000022e4a320480;
    %load/vec4 v0000022e4a37ecb0_0;
    %cmpi/u 500, 0, 20;
    %jmp/0xz  T_14.0, 5;
    %load/vec4 v0000022e4a37ecb0_0;
    %addi 1, 0, 20;
    %assign/vec4 v0000022e4a37ecb0_0, 0;
    %pushi/vec4 1, 0, 1;
    %assign/vec4 v0000022e4a37e710_0, 0;
    %jmp T_14.1;
T_14.0 ;
    %pushi/vec4 0, 0, 1;
    %store/vec4 v0000022e4a37e710_0, 0, 1;
T_14.1 ;
    %jmp T_14;
    .thread T_14;
    .scope S_0000022e4a37fb90;
T_15 ;
    %pushi/vec4 0, 0, 20;
    %store/vec4 v0000022e4a37ed50_0, 0, 20;
    %end;
    .thread T_15;
    .scope S_0000022e4a37fb90;
T_16 ;
    %wait E_0000022e4a320480;
    %load/vec4 v0000022e4a37f890_0;
    %pad/u 32;
    %cmpi/e 1, 0, 32;
    %jmp/0xz  T_16.0, 4;
    %load/vec4 v0000022e4a37ed50_0;
    %addi 1, 0, 20;
    %store/vec4 v0000022e4a37ed50_0, 0, 20;
    %jmp T_16.1;
T_16.0 ;
    %pushi/vec4 0, 0, 20;
    %store/vec4 v0000022e4a37ed50_0, 0, 20;
T_16.1 ;
    %jmp T_16;
    .thread T_16;
    .scope S_0000022e4a2b3980;
T_17 ;
    %pushi/vec4 0, 0, 1;
    %store/vec4 v0000022e4a37ec10_0, 0, 1;
    %pushi/vec4 0, 0, 10;
    %store/vec4 v0000022e4a37f570_0, 0, 10;
    %end;
    .thread T_17;
    .scope S_0000022e4a2b3980;
T_18 ;
    %wait E_0000022e4a320b00;
    %load/vec4 v0000022e4a37f430_0;
    %cmpi/u 2950, 0, 20;
    %flag_or 5, 4; GT is !LE
    %flag_inv 5;
    %flag_get/vec4 5;
    %jmp/0 T_18.2, 5;
    %load/vec4 v0000022e4a37f430_0;
    %cmpi/u 14750, 0, 20;
    %flag_get/vec4 5;
    %and;
T_18.2;
    %flag_set/vec4 8;
    %jmp/0xz  T_18.0, 8;
    %pushi/vec4 1, 0, 1;
    %store/vec4 v0000022e4a37ec10_0, 0, 1;
    %pushi/vec4 1, 0, 1;
    %store/vec4 v0000022e4a37dd10_0, 0, 1;
    %jmp T_18.1;
T_18.0 ;
    %pushi/vec4 0, 0, 1;
    %store/vec4 v0000022e4a37ec10_0, 0, 1;
    %pushi/vec4 0, 0, 1;
    %store/vec4 v0000022e4a37dd10_0, 0, 1;
T_18.1 ;
    %jmp T_18;
    .thread T_18;
    .scope S_0000022e4a2b3980;
T_19 ;
    %wait E_0000022e4a320480;
    %load/vec4 v0000022e4a37ec10_0;
    %pad/u 32;
    %cmpi/e 1, 0, 32;
    %jmp/0xz  T_19.0, 4;
    %load/vec4 v0000022e4a37f570_0;
    %addi 1, 0, 10;
    %store/vec4 v0000022e4a37f570_0, 0, 10;
    %load/vec4 v0000022e4a37f570_0;
    %cmpi/e 500, 0, 10;
    %jmp/0xz  T_19.2, 4;
    %pushi/vec4 0, 0, 1;
    %store/vec4 v0000022e4a37ec10_0, 0, 1;
    %pushi/vec4 0, 0, 10;
    %store/vec4 v0000022e4a37f570_0, 0, 10;
    %pushi/vec4 0, 0, 1;
    %store/vec4 v0000022e4a37dd10_0, 0, 1;
T_19.2 ;
    %jmp T_19.1;
T_19.0 ;
    %pushi/vec4 0, 0, 10;
    %store/vec4 v0000022e4a37f570_0, 0, 10;
T_19.1 ;
    %jmp T_19;
    .thread T_19;
    .scope S_0000022e4a2ce500;
T_20 ;
    %pushi/vec4 0, 0, 3;
    %store/vec4 v0000022e4a37cde0_0, 0, 3;
    %end;
    .thread T_20;
    .scope S_0000022e4a2ce500;
T_21 ;
    %wait E_0000022e4a320180;
    %load/vec4 v0000022e4a37cd40_0;
    %nor/r;
    %flag_set/vec4 8;
    %jmp/0xz  T_21.0, 8;
    %pushi/vec4 0, 0, 1;
    %assign/vec4 v0000022e4a2f8060_0, 0;
    %pushi/vec4 0, 0, 8;
    %assign/vec4 v0000022e4a2f73e0_0, 0;
    %pushi/vec4 0, 0, 1;
    %assign/vec4 v0000022e4a2f7fc0_0, 0;
    %pushi/vec4 0, 0, 1;
    %assign/vec4 v0000022e4a37ce80_0, 0;
    %pushi/vec4 0, 0, 4;
    %assign/vec4 v0000022e4a37cca0_0, 0;
    %pushi/vec4 0, 0, 1;
    %assign/vec4 v0000022e4a2f7de0_0, 0;
    %pushi/vec4 255, 0, 8;
    %assign/vec4 v0000022e4a311fd0_0, 0;
    %pushi/vec4 0, 0, 1;
    %assign/vec4 v0000022e4a311e90_0, 0;
    %pushi/vec4 0, 0, 3;
    %assign/vec4 v0000022e4a37cde0_0, 0;
    %jmp T_21.1;
T_21.0 ;
    %load/vec4 v0000022e4a37cde0_0;
    %dup/vec4;
    %pushi/vec4 0, 0, 3;
    %cmp/u;
    %jmp/1 T_21.2, 6;
    %dup/vec4;
    %pushi/vec4 1, 0, 3;
    %cmp/u;
    %jmp/1 T_21.3, 6;
    %dup/vec4;
    %pushi/vec4 2, 0, 3;
    %cmp/u;
    %jmp/1 T_21.4, 6;
    %dup/vec4;
    %pushi/vec4 3, 0, 3;
    %cmp/u;
    %jmp/1 T_21.5, 6;
    %dup/vec4;
    %pushi/vec4 4, 0, 3;
    %cmp/u;
    %jmp/1 T_21.6, 6;
    %dup/vec4;
    %pushi/vec4 5, 0, 3;
    %cmp/u;
    %jmp/1 T_21.7, 6;
    %jmp T_21.8;
T_21.2 ;
    %load/vec4 v0000022e4a37d9c0_0;
    %flag_set/vec4 8;
    %jmp/0xz  T_21.9, 8;
    %pushi/vec4 0, 0, 1;
    %assign/vec4 v0000022e4a2f8060_0, 0;
    %pushi/vec4 0, 0, 8;
    %assign/vec4 v0000022e4a2f73e0_0, 0;
    %pushi/vec4 0, 0, 1;
    %assign/vec4 v0000022e4a2f7fc0_0, 0;
    %pushi/vec4 0, 0, 1;
    %assign/vec4 v0000022e4a37ce80_0, 0;
    %pushi/vec4 0, 0, 4;
    %assign/vec4 v0000022e4a37cca0_0, 0;
    %pushi/vec4 0, 0, 1;
    %assign/vec4 v0000022e4a2f7de0_0, 0;
    %pushi/vec4 255, 0, 8;
    %assign/vec4 v0000022e4a311fd0_0, 0;
    %pushi/vec4 0, 0, 1;
    %assign/vec4 v0000022e4a311e90_0, 0;
    %pushi/vec4 1, 0, 3;
    %assign/vec4 v0000022e4a37cde0_0, 0;
T_21.9 ;
    %jmp T_21.8;
T_21.3 ;
    %load/vec4 v0000022e4a37d9c0_0;
    %flag_set/vec4 8;
    %jmp/0xz  T_21.11, 8;
    %pushi/vec4 107, 0, 8;
    %assign/vec4 v0000022e4a2f73e0_0, 0;
    %pushi/vec4 1, 0, 1;
    %assign/vec4 v0000022e4a37ce80_0, 0;
    %pushi/vec4 0, 0, 1;
    %assign/vec4 v0000022e4a2f7fc0_0, 0;
    %load/vec4 v0000022e4a2f7ac0_0;
    %flag_set/vec4 8;
    %jmp/0xz  T_21.13, 8;
    %pushi/vec4 0, 0, 8;
    %assign/vec4 v0000022e4a2f73e0_0, 0;
    %pushi/vec4 1, 0, 1;
    %assign/vec4 v0000022e4a37ce80_0, 0;
    %pushi/vec4 0, 0, 1;
    %assign/vec4 v0000022e4a2f7fc0_0, 0;
    %pushi/vec4 2, 0, 3;
    %assign/vec4 v0000022e4a37cde0_0, 0;
    %jmp T_21.14;
T_21.13 ;
    %load/vec4 v0000022e4a2f7480_0;
    %flag_set/vec4 8;
    %jmp/0xz  T_21.15, 8;
    %pushi/vec4 0, 0, 3;
    %assign/vec4 v0000022e4a37cde0_0, 0;
T_21.15 ;
T_21.14 ;
T_21.11 ;
    %jmp T_21.8;
T_21.4 ;
    %load/vec4 v0000022e4a37d9c0_0;
    %flag_set/vec4 8;
    %jmp/0xz  T_21.17, 8;
    %load/vec4 v0000022e4a2f7ac0_0;
    %flag_set/vec4 8;
    %jmp/0xz  T_21.19, 8;
    %pushi/vec4 0, 0, 8;
    %assign/vec4 v0000022e4a2f73e0_0, 0;
    %pushi/vec4 0, 0, 1;
    %assign/vec4 v0000022e4a37ce80_0, 0;
    %pushi/vec4 0, 0, 1;
    %assign/vec4 v0000022e4a2f7fc0_0, 0;
    %pushi/vec4 3, 0, 3;
    %assign/vec4 v0000022e4a37cde0_0, 0;
    %jmp T_21.20;
T_21.19 ;
    %load/vec4 v0000022e4a2f7480_0;
    %flag_set/vec4 8;
    %jmp/0xz  T_21.21, 8;
    %pushi/vec4 0, 0, 3;
    %assign/vec4 v0000022e4a37cde0_0, 0;
T_21.21 ;
T_21.20 ;
T_21.17 ;
    %jmp T_21.8;
T_21.5 ;
    %load/vec4 v0000022e4a37d9c0_0;
    %flag_set/vec4 8;
    %jmp/0xz  T_21.23, 8;
    %load/vec4 v0000022e4a2f7660_0;
    %flag_set/vec4 8;
    %jmp/0xz  T_21.25, 8;
    %pushi/vec4 59, 0, 8;
    %assign/vec4 v0000022e4a2f73e0_0, 0;
    %pushi/vec4 1, 0, 1;
    %assign/vec4 v0000022e4a37ce80_0, 0;
    %pushi/vec4 0, 0, 1;
    %assign/vec4 v0000022e4a2f7fc0_0, 0;
    %jmp T_21.26;
T_21.25 ;
    %load/vec4 v0000022e4a2f7ac0_0;
    %flag_set/vec4 8;
    %jmp/0xz  T_21.27, 8;
    %pushi/vec4 0, 0, 1;
    %assign/vec4 v0000022e4a37ce80_0, 0;
    %pushi/vec4 1, 0, 1;
    %assign/vec4 v0000022e4a2f7fc0_0, 0;
    %pushi/vec4 0, 0, 4;
    %assign/vec4 v0000022e4a37cca0_0, 0;
    %jmp T_21.28;
T_21.27 ;
    %load/vec4 v0000022e4a312b10_0;
    %flag_set/vec4 8;
    %jmp/0xz  T_21.29, 8;
    %pushi/vec4 1, 0, 1;
    %assign/vec4 v0000022e4a2f7de0_0, 0;
    %load/vec4 v0000022e4a2f7980_0;
    %assign/vec4 v0000022e4a311fd0_0, 0;
    %pushi/vec4 4, 0, 3;
    %assign/vec4 v0000022e4a37cde0_0, 0;
    %jmp T_21.30;
T_21.29 ;
    %load/vec4 v0000022e4a2f7480_0;
    %flag_set/vec4 8;
    %jmp/0xz  T_21.31, 8;
    %pushi/vec4 0, 0, 3;
    %assign/vec4 v0000022e4a37cde0_0, 0;
T_21.31 ;
T_21.30 ;
T_21.28 ;
T_21.26 ;
T_21.23 ;
    %jmp T_21.8;
T_21.6 ;
    %load/vec4 v0000022e4a37d9c0_0;
    %flag_set/vec4 8;
    %jmp/0xz  T_21.33, 8;
    %load/vec4 v0000022e4a312b10_0;
    %flag_set/vec4 8;
    %jmp/0xz  T_21.35, 8;
    %pushi/vec4 1, 0, 1;
    %assign/vec4 v0000022e4a2f7de0_0, 0;
    %load/vec4 v0000022e4a2f7980_0;
    %assign/vec4 v0000022e4a311fd0_0, 0;
    %jmp T_21.36;
T_21.35 ;
    %load/vec4 v0000022e4a2f7ac0_0;
    %flag_set/vec4 8;
    %jmp/0xz  T_21.37, 8;
    %load/vec4 v0000022e4a37cca0_0;
    %addi 1, 0, 4;
    %assign/vec4 v0000022e4a37cca0_0, 0;
    %load/vec4 v0000022e4a37cca0_0;
    %cmpi/e 12, 0, 4;
    %jmp/0xz  T_21.39, 4;
    %pushi/vec4 0, 0, 1;
    %assign/vec4 v0000022e4a37ce80_0, 0;
    %pushi/vec4 0, 0, 1;
    %assign/vec4 v0000022e4a2f7fc0_0, 0;
    %jmp T_21.40;
T_21.39 ;
    %pushi/vec4 0, 0, 1;
    %assign/vec4 v0000022e4a37ce80_0, 0;
    %pushi/vec4 1, 0, 1;
    %assign/vec4 v0000022e4a2f7fc0_0, 0;
T_21.40 ;
    %jmp T_21.38;
T_21.37 ;
    %load/vec4 v0000022e4a2f7660_0;
    %flag_set/vec4 8;
    %jmp/0xz  T_21.41, 8;
    %pushi/vec4 5, 0, 3;
    %assign/vec4 v0000022e4a37cde0_0, 0;
    %jmp T_21.42;
T_21.41 ;
    %pushi/vec4 0, 0, 1;
    %assign/vec4 v0000022e4a2f7de0_0, 0;
T_21.42 ;
T_21.38 ;
T_21.36 ;
T_21.33 ;
    %jmp T_21.8;
T_21.7 ;
    %pushi/vec4 1, 0, 1;
    %assign/vec4 v0000022e4a311e90_0, 0;
    %load/vec4 v0000022e4a37d9c0_0;
    %flag_set/vec4 8;
    %jmp/0xz  T_21.43, 8;
    %load/vec4 v0000022e4a2f7520_0;
    %flag_set/vec4 8;
    %jmp/0xz  T_21.45, 8;
    %pushi/vec4 0, 0, 3;
    %assign/vec4 v0000022e4a37cde0_0, 0;
T_21.45 ;
T_21.43 ;
    %jmp T_21.8;
T_21.8 ;
    %pop/vec4 1;
T_21.1 ;
    %jmp T_21;
    .thread T_21;
    .scope S_0000022e4a2ce500;
T_22 ;
    %wait E_0000022e4a3201c0;
    %load/vec4 v0000022e4a37cca0_0;
    %store/vec4 v0000022e4a311cb0_0, 0, 4;
    %jmp T_22;
    .thread T_22, $push;
    .scope S_0000022e4a2ce370;
T_23 ;
    %wait E_0000022e4a320300;
    %load/vec4 v0000022e4a311530_0;
    %addi 1, 0, 4;
    %store/vec4 v0000022e4a312610_0, 0, 4;
    %jmp T_23;
    .thread T_23, $push;
    .scope S_0000022e4a2ce370;
T_24 ;
    %wait E_0000022e4a320180;
    %load/vec4 v0000022e4a3115d0_0;
    %nor/r;
    %flag_set/vec4 8;
    %jmp/0xz  T_24.0, 8;
    %pushi/vec4 1, 0, 1;
    %assign/vec4 v0000022e4a311710_0, 0;
    %pushi/vec4 1, 0, 1;
    %assign/vec4 v0000022e4a311ad0_0, 0;
    %jmp T_24.1;
T_24.0 ;
    %load/vec4 v0000022e4a313010_0;
    %flag_set/vec4 8;
    %jmp/0xz  T_24.2, 8;
    %load/vec4 v0000022e4a312070_0;
    %assign/vec4 v0000022e4a311710_0, 0;
    %load/vec4 v0000022e4a311710_0;
    %assign/vec4 v0000022e4a311ad0_0, 0;
T_24.2 ;
T_24.1 ;
    %jmp T_24;
    .thread T_24;
    .scope S_0000022e4a2ce370;
T_25 ;
    %wait E_0000022e4a320180;
    %load/vec4 v0000022e4a3115d0_0;
    %nor/r;
    %flag_set/vec4 8;
    %jmp/0xz  T_25.0, 8;
    %pushi/vec4 0, 0, 3;
    %assign/vec4 v0000022e4a311670_0, 0;
    %pushi/vec4 0, 0, 5;
    %assign/vec4 v0000022e4a311c10_0, 0;
    %pushi/vec4 1, 0, 1;
    %assign/vec4 v0000022e4a312250_0, 0;
    %pushi/vec4 1, 0, 1;
    %assign/vec4 v0000022e4a312390_0, 0;
    %pushi/vec4 0, 0, 1;
    %assign/vec4 v0000022e4a311990_0, 0;
    %pushi/vec4 0, 0, 1;
    %assign/vec4 v0000022e4a3113f0_0, 0;
    %pushi/vec4 0, 0, 1;
    %assign/vec4 v0000022e4a3112b0_0, 0;
    %pushi/vec4 0, 0, 8;
    %assign/vec4 v0000022e4a3122f0_0, 0;
    %pushi/vec4 0, 0, 4;
    %assign/vec4 v0000022e4a311530_0, 0;
    %pushi/vec4 0, 0, 1;
    %assign/vec4 v0000022e4a311a30_0, 0;
    %pushi/vec4 0, 0, 8;
    %assign/vec4 v0000022e4a311b70_0, 0;
    %pushi/vec4 0, 0, 1;
    %assign/vec4 v0000022e4a311350_0, 0;
    %jmp T_25.1;
T_25.0 ;
    %load/vec4 v0000022e4a313010_0;
    %flag_set/vec4 8;
    %jmp/0xz  T_25.2, 8;
    %load/vec4 v0000022e4a312890_0;
    %flag_set/vec4 8;
    %jmp/0xz  T_25.4, 8;
    %pushi/vec4 0, 0, 5;
    %assign/vec4 v0000022e4a311c10_0, 0;
    %jmp T_25.5;
T_25.4 ;
    %load/vec4 v0000022e4a311c10_0;
    %dup/vec4;
    %pushi/vec4 0, 0, 5;
    %cmp/u;
    %jmp/1 T_25.6, 6;
    %dup/vec4;
    %pushi/vec4 1, 0, 5;
    %cmp/u;
    %jmp/1 T_25.7, 6;
    %dup/vec4;
    %pushi/vec4 2, 0, 5;
    %cmp/u;
    %jmp/1 T_25.8, 6;
    %dup/vec4;
    %pushi/vec4 3, 0, 5;
    %cmp/u;
    %jmp/1 T_25.9, 6;
    %dup/vec4;
    %pushi/vec4 4, 0, 5;
    %cmp/u;
    %jmp/1 T_25.10, 6;
    %dup/vec4;
    %pushi/vec4 5, 0, 5;
    %cmp/u;
    %jmp/1 T_25.11, 6;
    %dup/vec4;
    %pushi/vec4 6, 0, 5;
    %cmp/u;
    %jmp/1 T_25.12, 6;
    %dup/vec4;
    %pushi/vec4 7, 0, 5;
    %cmp/u;
    %jmp/1 T_25.13, 6;
    %dup/vec4;
    %pushi/vec4 8, 0, 5;
    %cmp/u;
    %jmp/1 T_25.14, 6;
    %dup/vec4;
    %pushi/vec4 18, 0, 5;
    %cmp/u;
    %jmp/1 T_25.15, 6;
    %dup/vec4;
    %pushi/vec4 11, 0, 5;
    %cmp/u;
    %jmp/1 T_25.16, 6;
    %dup/vec4;
    %pushi/vec4 12, 0, 5;
    %cmp/u;
    %jmp/1 T_25.17, 6;
    %dup/vec4;
    %pushi/vec4 13, 0, 5;
    %cmp/u;
    %jmp/1 T_25.18, 6;
    %dup/vec4;
    %pushi/vec4 14, 0, 5;
    %cmp/u;
    %jmp/1 T_25.19, 6;
    %dup/vec4;
    %pushi/vec4 15, 0, 5;
    %cmp/u;
    %jmp/1 T_25.20, 6;
    %dup/vec4;
    %pushi/vec4 16, 0, 5;
    %cmp/u;
    %jmp/1 T_25.21, 6;
    %dup/vec4;
    %pushi/vec4 17, 0, 5;
    %cmp/u;
    %jmp/1 T_25.22, 6;
    %dup/vec4;
    %pushi/vec4 9, 0, 5;
    %cmp/u;
    %jmp/1 T_25.23, 6;
    %dup/vec4;
    %pushi/vec4 10, 0, 5;
    %cmp/u;
    %jmp/1 T_25.24, 6;
    %pushi/vec4 0, 0, 5;
    %assign/vec4 v0000022e4a311c10_0, 0;
    %jmp T_25.26;
T_25.6 ;
    %pushi/vec4 0, 0, 3;
    %assign/vec4 v0000022e4a311670_0, 0;
    %pushi/vec4 1, 0, 1;
    %assign/vec4 v0000022e4a312250_0, 0;
    %pushi/vec4 1, 0, 1;
    %assign/vec4 v0000022e4a312390_0, 0;
    %pushi/vec4 0, 0, 1;
    %assign/vec4 v0000022e4a311990_0, 0;
    %pushi/vec4 0, 0, 1;
    %assign/vec4 v0000022e4a3113f0_0, 0;
    %pushi/vec4 0, 0, 1;
    %assign/vec4 v0000022e4a3112b0_0, 0;
    %pushi/vec4 1, 0, 8;
    %assign/vec4 v0000022e4a3122f0_0, 0;
    %pushi/vec4 0, 0, 4;
    %assign/vec4 v0000022e4a311530_0, 0;
    %pushi/vec4 0, 0, 1;
    %assign/vec4 v0000022e4a311350_0, 0;
    %load/vec4 v0000022e4a311490_0;
    %flag_set/vec4 8;
    %jmp/0xz  T_25.27, 8;
    %load/vec4 v0000022e4a312570_0;
    %flag_set/vec4 8;
    %jmp/1 T_25.31, 8;
    %load/vec4 v0000022e4a312f70_0;
    %flag_set/vec4 9;
    %flag_or 8, 9;
T_25.31;
    %jmp/0xz  T_25.29, 8;
    %pushi/vec4 1, 0, 5;
    %assign/vec4 v0000022e4a311c10_0, 0;
T_25.29 ;
T_25.27 ;
    %jmp T_25.26;
T_25.7 ;
    %pushi/vec4 1, 0, 3;
    %assign/vec4 v0000022e4a311670_0, 0;
    %pushi/vec4 1, 0, 1;
    %assign/vec4 v0000022e4a312250_0, 0;
    %pushi/vec4 0, 0, 1;
    %assign/vec4 v0000022e4a312390_0, 0;
    %pushi/vec4 0, 0, 1;
    %assign/vec4 v0000022e4a311990_0, 0;
    %pushi/vec4 0, 0, 1;
    %assign/vec4 v0000022e4a3113f0_0, 0;
    %pushi/vec4 0, 0, 1;
    %assign/vec4 v0000022e4a311350_0, 0;
    %pushi/vec4 0, 0, 1;
    %assign/vec4 v0000022e4a3112b0_0, 0;
    %load/vec4 v0000022e4a311490_0;
    %flag_set/vec4 8;
    %jmp/0xz  T_25.32, 8;
    %pushi/vec4 0, 0, 1;
    %assign/vec4 v0000022e4a312250_0, 0;
    %pushi/vec4 0, 0, 4;
    %assign/vec4 v0000022e4a311530_0, 0;
    %pushi/vec4 104, 0, 7;
    %ix/load 4, 1, 0;
    %ix/load 5, 0, 0;
    %flag_set/imm 4, 0;
    %assign/vec4/off/d v0000022e4a311b70_0, 4, 5;
    %load/vec4 v0000022e4a312570_0;
    %flag_set/vec4 8;
    %jmp/0xz  T_25.34, 8;
    %pushi/vec4 0, 0, 1;
    %ix/load 4, 0, 0;
    %ix/load 5, 0, 0;
    %flag_set/imm 4, 0;
    %assign/vec4/off/d v0000022e4a311b70_0, 4, 5;
    %pushi/vec4 8, 0, 5;
    %assign/vec4 v0000022e4a312a70_0, 0;
    %jmp T_25.35;
T_25.34 ;
    %pushi/vec4 1, 0, 1;
    %ix/load 4, 0, 0;
    %ix/load 5, 0, 0;
    %flag_set/imm 4, 0;
    %assign/vec4/off/d v0000022e4a311b70_0, 4, 5;
    %pushi/vec4 11, 0, 5;
    %assign/vec4 v0000022e4a312a70_0, 0;
T_25.35 ;
    %pushi/vec4 2, 0, 5;
    %assign/vec4 v0000022e4a311c10_0, 0;
T_25.32 ;
    %jmp T_25.26;
T_25.8 ;
    %load/vec4 v0000022e4a311490_0;
    %flag_set/vec4 8;
    %jmp/0xz  T_25.36, 8;
    %pushi/vec4 2, 0, 3;
    %assign/vec4 v0000022e4a311670_0, 0;
    %pushi/vec4 0, 0, 1;
    %assign/vec4 v0000022e4a312250_0, 0;
    %load/vec4 v0000022e4a311b70_0;
    %parti/s 1, 7, 4;
    %assign/vec4 v0000022e4a312390_0, 0;
    %load/vec4 v0000022e4a311b70_0;
    %parti/s 7, 0, 2;
    %ix/load 4, 1, 0;
    %ix/load 5, 0, 0;
    %flag_set/imm 4, 0;
    %assign/vec4/off/d v0000022e4a311b70_0, 4, 5;
    %load/vec4 v0000022e4a312610_0;
    %assign/vec4 v0000022e4a311530_0, 0;
    %pushi/vec4 0, 0, 1;
    %assign/vec4 v0000022e4a311990_0, 0;
    %pushi/vec4 0, 0, 1;
    %assign/vec4 v0000022e4a3113f0_0, 0;
    %pushi/vec4 0, 0, 1;
    %assign/vec4 v0000022e4a311350_0, 0;
    %pushi/vec4 0, 0, 1;
    %assign/vec4 v0000022e4a3112b0_0, 0;
    %pushi/vec4 3, 0, 5;
    %assign/vec4 v0000022e4a311c10_0, 0;
T_25.36 ;
    %jmp T_25.26;
T_25.9 ;
    %load/vec4 v0000022e4a311490_0;
    %flag_set/vec4 8;
    %jmp/0xz  T_25.38, 8;
    %pushi/vec4 0, 0, 1;
    %assign/vec4 v0000022e4a311990_0, 0;
    %pushi/vec4 0, 0, 1;
    %assign/vec4 v0000022e4a3113f0_0, 0;
    %pushi/vec4 0, 0, 1;
    %assign/vec4 v0000022e4a3112b0_0, 0;
    %pushi/vec4 1, 0, 1;
    %assign/vec4 v0000022e4a312250_0, 0;
    %pushi/vec4 4, 0, 5;
    %assign/vec4 v0000022e4a311c10_0, 0;
T_25.38 ;
    %jmp T_25.26;
T_25.10 ;
    %load/vec4 v0000022e4a311490_0;
    %flag_set/vec4 8;
    %jmp/0xz  T_25.40, 8;
    %pushi/vec4 0, 0, 1;
    %assign/vec4 v0000022e4a311990_0, 0;
    %pushi/vec4 0, 0, 1;
    %assign/vec4 v0000022e4a3113f0_0, 0;
    %pushi/vec4 0, 0, 1;
    %assign/vec4 v0000022e4a311350_0, 0;
    %pushi/vec4 0, 0, 1;
    %assign/vec4 v0000022e4a3112b0_0, 0;
    %pushi/vec4 0, 0, 1;
    %assign/vec4 v0000022e4a312250_0, 0;
    %load/vec4 v0000022e4a311530_0;
    %parti/s 1, 3, 3;
    %flag_set/vec4 8;
    %jmp/0xz  T_25.42, 8;
    %pushi/vec4 5, 0, 5;
    %assign/vec4 v0000022e4a311c10_0, 0;
    %jmp T_25.43;
T_25.42 ;
    %pushi/vec4 2, 0, 5;
    %assign/vec4 v0000022e4a311c10_0, 0;
T_25.43 ;
T_25.40 ;
    %jmp T_25.26;
T_25.11 ;
    %load/vec4 v0000022e4a311490_0;
    %flag_set/vec4 8;
    %jmp/0xz  T_25.44, 8;
    %pushi/vec4 3, 0, 3;
    %assign/vec4 v0000022e4a311670_0, 0;
    %pushi/vec4 1, 0, 1;
    %assign/vec4 v0000022e4a312390_0, 0;
    %pushi/vec4 0, 0, 1;
    %assign/vec4 v0000022e4a311990_0, 0;
    %pushi/vec4 0, 0, 1;
    %assign/vec4 v0000022e4a3113f0_0, 0;
    %pushi/vec4 0, 0, 1;
    %assign/vec4 v0000022e4a311350_0, 0;
    %pushi/vec4 0, 0, 1;
    %assign/vec4 v0000022e4a3112b0_0, 0;
    %pushi/vec4 0, 0, 1;
    %assign/vec4 v0000022e4a312250_0, 0;
    %pushi/vec4 6, 0, 5;
    %assign/vec4 v0000022e4a311c10_0, 0;
T_25.44 ;
    %jmp T_25.26;
T_25.12 ;
    %load/vec4 v0000022e4a311490_0;
    %flag_set/vec4 8;
    %jmp/0xz  T_25.46, 8;
    %pushi/vec4 0, 0, 1;
    %assign/vec4 v0000022e4a311990_0, 0;
    %pushi/vec4 0, 0, 1;
    %assign/vec4 v0000022e4a3113f0_0, 0;
    %pushi/vec4 0, 0, 1;
    %assign/vec4 v0000022e4a311350_0, 0;
    %pushi/vec4 1, 0, 1;
    %assign/vec4 v0000022e4a312250_0, 0;
    %load/vec4 v0000022e4a311ad0_0;
    %cmpi/e 1, 0, 1;
    %flag_mov 8, 4;
    %jmp/0 T_25.48, 8;
    %pushi/vec4 1, 0, 1;
    %jmp/1 T_25.49, 8;
T_25.48 ; End of true expr.
    %pushi/vec4 0, 0, 1;
    %jmp/0 T_25.49, 8;
 ; End of false expr.
    %blend;
T_25.49;
    %assign/vec4 v0000022e4a311a30_0, 0;
    %pushi/vec4 7, 0, 5;
    %assign/vec4 v0000022e4a311c10_0, 0;
T_25.46 ;
    %jmp T_25.26;
T_25.13 ;
    %load/vec4 v0000022e4a311490_0;
    %flag_set/vec4 8;
    %jmp/0xz  T_25.50, 8;
    %pushi/vec4 0, 0, 1;
    %assign/vec4 v0000022e4a311990_0, 0;
    %pushi/vec4 0, 0, 1;
    %assign/vec4 v0000022e4a3113f0_0, 0;
    %pushi/vec4 0, 0, 1;
    %assign/vec4 v0000022e4a311350_0, 0;
    %pushi/vec4 0, 0, 1;
    %assign/vec4 v0000022e4a3112b0_0, 0;
    %pushi/vec4 0, 0, 1;
    %assign/vec4 v0000022e4a312250_0, 0;
    %load/vec4 v0000022e4a312a70_0;
    %assign/vec4 v0000022e4a311c10_0, 0;
T_25.50 ;
    %jmp T_25.26;
T_25.14 ;
    %load/vec4 v0000022e4a311a30_0;
    %flag_set/vec4 8;
    %jmp/0xz  T_25.52, 8;
    %pushi/vec4 1, 0, 1;
    %assign/vec4 v0000022e4a311990_0, 0;
    %pushi/vec4 0, 0, 1;
    %assign/vec4 v0000022e4a312250_0, 0;
    %load/vec4 v0000022e4a311490_0;
    %flag_set/vec4 8;
    %jmp/0xz  T_25.54, 8;
    %pushi/vec4 0, 0, 1;
    %assign/vec4 v0000022e4a311a30_0, 0;
    %pushi/vec4 0, 0, 1;
    %assign/vec4 v0000022e4a312390_0, 0;
    %pushi/vec4 9, 0, 5;
    %assign/vec4 v0000022e4a311c10_0, 0;
T_25.54 ;
    %jmp T_25.53;
T_25.52 ;
    %load/vec4 v0000022e4a312570_0;
    %flag_set/vec4 8;
    %jmp/0xz  T_25.56, 8;
    %load/vec4 v0000022e4a311d50_0;
    %assign/vec4 v0000022e4a311b70_0, 0;
    %pushi/vec4 0, 0, 4;
    %assign/vec4 v0000022e4a311530_0, 0;
    %pushi/vec4 1, 0, 1;
    %assign/vec4 v0000022e4a3113f0_0, 0;
    %pushi/vec4 0, 0, 1;
    %assign/vec4 v0000022e4a3112b0_0, 0;
    %pushi/vec4 2, 0, 5;
    %assign/vec4 v0000022e4a311c10_0, 0;
    %jmp T_25.57;
T_25.56 ;
    %load/vec4 v0000022e4a312f70_0;
    %flag_set/vec4 8;
    %jmp/0xz  T_25.58, 8;
    %pushi/vec4 0, 0, 1;
    %assign/vec4 v0000022e4a312250_0, 0;
    %pushi/vec4 1, 0, 1;
    %assign/vec4 v0000022e4a312390_0, 0;
    %load/vec4 v0000022e4a311490_0;
    %flag_set/vec4 8;
    %jmp/0xz  T_25.60, 8;
    %pushi/vec4 18, 0, 5;
    %assign/vec4 v0000022e4a311c10_0, 0;
T_25.60 ;
    %jmp T_25.59;
T_25.58 ;
    %pushi/vec4 0, 0, 1;
    %assign/vec4 v0000022e4a312250_0, 0;
    %load/vec4 v0000022e4a311490_0;
    %flag_set/vec4 8;
    %jmp/0xz  T_25.62, 8;
    %pushi/vec4 0, 0, 1;
    %assign/vec4 v0000022e4a312390_0, 0;
    %pushi/vec4 9, 0, 5;
    %assign/vec4 v0000022e4a311c10_0, 0;
T_25.62 ;
T_25.59 ;
T_25.57 ;
T_25.53 ;
    %jmp T_25.26;
T_25.15 ;
    %load/vec4 v0000022e4a311490_0;
    %flag_set/vec4 8;
    %jmp/0xz  T_25.64, 8;
    %pushi/vec4 0, 0, 5;
    %assign/vec4 v0000022e4a311c10_0, 0;
T_25.64 ;
    %jmp T_25.26;
T_25.16 ;
    %load/vec4 v0000022e4a311a30_0;
    %flag_set/vec4 8;
    %jmp/0xz  T_25.66, 8;
    %pushi/vec4 1, 0, 1;
    %assign/vec4 v0000022e4a311990_0, 0;
    %pushi/vec4 0, 0, 1;
    %assign/vec4 v0000022e4a312250_0, 0;
    %load/vec4 v0000022e4a311490_0;
    %flag_set/vec4 8;
    %jmp/0xz  T_25.68, 8;
    %pushi/vec4 0, 0, 1;
    %assign/vec4 v0000022e4a311a30_0, 0;
    %pushi/vec4 0, 0, 1;
    %assign/vec4 v0000022e4a312390_0, 0;
    %pushi/vec4 9, 0, 5;
    %assign/vec4 v0000022e4a311c10_0, 0;
T_25.68 ;
    %jmp T_25.67;
T_25.66 ;
    %load/vec4 v0000022e4a312f70_0;
    %flag_set/vec4 8;
    %jmp/0xz  T_25.70, 8;
    %pushi/vec4 0, 0, 8;
    %assign/vec4 v0000022e4a311b70_0, 0;
    %pushi/vec4 0, 0, 4;
    %assign/vec4 v0000022e4a311530_0, 0;
    %pushi/vec4 1, 0, 1;
    %assign/vec4 v0000022e4a3113f0_0, 0;
    %pushi/vec4 12, 0, 5;
    %assign/vec4 v0000022e4a311c10_0, 0;
    %jmp T_25.71;
T_25.70 ;
    %load/vec4 v0000022e4a312570_0;
    %flag_set/vec4 8;
    %jmp/0xz  T_25.72, 8;
    %pushi/vec4 0, 0, 1;
    %assign/vec4 v0000022e4a312250_0, 0;
    %pushi/vec4 1, 0, 1;
    %assign/vec4 v0000022e4a312390_0, 0;
    %load/vec4 v0000022e4a311490_0;
    %flag_set/vec4 8;
    %jmp/0xz  T_25.74, 8;
    %pushi/vec4 0, 0, 5;
    %assign/vec4 v0000022e4a311c10_0, 0;
T_25.74 ;
    %jmp T_25.73;
T_25.72 ;
    %pushi/vec4 0, 0, 1;
    %assign/vec4 v0000022e4a312250_0, 0;
    %load/vec4 v0000022e4a311490_0;
    %flag_set/vec4 8;
    %jmp/0xz  T_25.76, 8;
    %pushi/vec4 0, 0, 1;
    %assign/vec4 v0000022e4a312390_0, 0;
    %pushi/vec4 9, 0, 5;
    %assign/vec4 v0000022e4a311c10_0, 0;
T_25.76 ;
T_25.73 ;
T_25.71 ;
T_25.67 ;
    %jmp T_25.26;
T_25.17 ;
    %load/vec4 v0000022e4a311490_0;
    %flag_set/vec4 8;
    %jmp/0xz  T_25.78, 8;
    %pushi/vec4 5, 0, 3;
    %assign/vec4 v0000022e4a311670_0, 0;
    %pushi/vec4 1, 0, 1;
    %assign/vec4 v0000022e4a312390_0, 0;
    %pushi/vec4 0, 0, 1;
    %assign/vec4 v0000022e4a312250_0, 0;
    %load/vec4 v0000022e4a312610_0;
    %assign/vec4 v0000022e4a311530_0, 0;
    %pushi/vec4 0, 0, 1;
    %assign/vec4 v0000022e4a311990_0, 0;
    %pushi/vec4 0, 0, 1;
    %assign/vec4 v0000022e4a3113f0_0, 0;
    %pushi/vec4 0, 0, 1;
    %assign/vec4 v0000022e4a311350_0, 0;
    %pushi/vec4 0, 0, 1;
    %assign/vec4 v0000022e4a3112b0_0, 0;
    %pushi/vec4 13, 0, 5;
    %assign/vec4 v0000022e4a311c10_0, 0;
T_25.78 ;
    %jmp T_25.26;
T_25.18 ;
    %load/vec4 v0000022e4a311490_0;
    %flag_set/vec4 8;
    %jmp/0xz  T_25.80, 8;
    %pushi/vec4 0, 0, 1;
    %assign/vec4 v0000022e4a311990_0, 0;
    %pushi/vec4 0, 0, 1;
    %assign/vec4 v0000022e4a3113f0_0, 0;
    %pushi/vec4 0, 0, 1;
    %assign/vec4 v0000022e4a311350_0, 0;
    %pushi/vec4 0, 0, 1;
    %assign/vec4 v0000022e4a3112b0_0, 0;
    %pushi/vec4 1, 0, 1;
    %assign/vec4 v0000022e4a312250_0, 0;
    %load/vec4 v0000022e4a311b70_0;
    %parti/s 7, 0, 2;
    %ix/load 4, 1, 0;
    %ix/load 5, 0, 0;
    %flag_set/imm 4, 0;
    %assign/vec4/off/d v0000022e4a311b70_0, 4, 5;
    %load/vec4 v0000022e4a311ad0_0;
    %ix/load 4, 0, 0;
    %ix/load 5, 0, 0;
    %flag_set/imm 4, 0;
    %assign/vec4/off/d v0000022e4a311b70_0, 4, 5;
    %pushi/vec4 14, 0, 5;
    %assign/vec4 v0000022e4a311c10_0, 0;
T_25.80 ;
    %jmp T_25.26;
T_25.19 ;
    %load/vec4 v0000022e4a311490_0;
    %flag_set/vec4 8;
    %jmp/0xz  T_25.82, 8;
    %pushi/vec4 0, 0, 1;
    %assign/vec4 v0000022e4a311990_0, 0;
    %pushi/vec4 0, 0, 1;
    %assign/vec4 v0000022e4a3113f0_0, 0;
    %pushi/vec4 0, 0, 1;
    %assign/vec4 v0000022e4a311350_0, 0;
    %pushi/vec4 0, 0, 1;
    %assign/vec4 v0000022e4a3112b0_0, 0;
    %pushi/vec4 0, 0, 1;
    %assign/vec4 v0000022e4a312250_0, 0;
    %load/vec4 v0000022e4a311530_0;
    %parti/s 1, 3, 3;
    %flag_set/vec4 8;
    %jmp/0xz  T_25.84, 8;
    %pushi/vec4 15, 0, 5;
    %assign/vec4 v0000022e4a311c10_0, 0;
    %jmp T_25.85;
T_25.84 ;
    %pushi/vec4 12, 0, 5;
    %assign/vec4 v0000022e4a311c10_0, 0;
T_25.85 ;
T_25.82 ;
    %jmp T_25.26;
T_25.20 ;
    %load/vec4 v0000022e4a311490_0;
    %flag_set/vec4 8;
    %jmp/0xz  T_25.86, 8;
    %pushi/vec4 6, 0, 3;
    %assign/vec4 v0000022e4a311670_0, 0;
    %load/vec4 v0000022e4a312f70_0;
    %flag_set/vec4 8;
    %jmp/0 T_25.88, 8;
    %pushi/vec4 0, 0, 1;
    %jmp/1 T_25.89, 8;
T_25.88 ; End of true expr.
    %pushi/vec4 1, 0, 1;
    %jmp/0 T_25.89, 8;
 ; End of false expr.
    %blend;
T_25.89;
    %assign/vec4 v0000022e4a312390_0, 0;
    %load/vec4 v0000022e4a311b70_0;
    %assign/vec4 v0000022e4a3122f0_0, 0;
    %pushi/vec4 0, 0, 1;
    %assign/vec4 v0000022e4a311990_0, 0;
    %pushi/vec4 0, 0, 1;
    %assign/vec4 v0000022e4a3113f0_0, 0;
    %pushi/vec4 0, 0, 1;
    %assign/vec4 v0000022e4a311350_0, 0;
    %pushi/vec4 1, 0, 1;
    %assign/vec4 v0000022e4a3112b0_0, 0;
    %pushi/vec4 0, 0, 1;
    %assign/vec4 v0000022e4a312250_0, 0;
    %pushi/vec4 16, 0, 5;
    %assign/vec4 v0000022e4a311c10_0, 0;
T_25.86 ;
    %jmp T_25.26;
T_25.21 ;
    %load/vec4 v0000022e4a311490_0;
    %flag_set/vec4 8;
    %jmp/0xz  T_25.90, 8;
    %pushi/vec4 0, 0, 1;
    %assign/vec4 v0000022e4a311990_0, 0;
    %pushi/vec4 0, 0, 1;
    %assign/vec4 v0000022e4a3113f0_0, 0;
    %pushi/vec4 0, 0, 1;
    %assign/vec4 v0000022e4a311350_0, 0;
    %pushi/vec4 0, 0, 1;
    %assign/vec4 v0000022e4a3112b0_0, 0;
    %pushi/vec4 1, 0, 1;
    %assign/vec4 v0000022e4a312250_0, 0;
    %pushi/vec4 17, 0, 5;
    %assign/vec4 v0000022e4a311c10_0, 0;
T_25.90 ;
    %jmp T_25.26;
T_25.22 ;
    %load/vec4 v0000022e4a311490_0;
    %flag_set/vec4 8;
    %jmp/0xz  T_25.92, 8;
    %pushi/vec4 0, 0, 1;
    %assign/vec4 v0000022e4a311990_0, 0;
    %pushi/vec4 0, 0, 1;
    %assign/vec4 v0000022e4a3113f0_0, 0;
    %pushi/vec4 0, 0, 1;
    %assign/vec4 v0000022e4a311350_0, 0;
    %pushi/vec4 0, 0, 1;
    %assign/vec4 v0000022e4a3112b0_0, 0;
    %pushi/vec4 0, 0, 1;
    %assign/vec4 v0000022e4a312250_0, 0;
    %pushi/vec4 11, 0, 5;
    %assign/vec4 v0000022e4a311c10_0, 0;
T_25.92 ;
    %jmp T_25.26;
T_25.23 ;
    %load/vec4 v0000022e4a311490_0;
    %flag_set/vec4 8;
    %jmp/0xz  T_25.94, 8;
    %pushi/vec4 7, 0, 3;
    %assign/vec4 v0000022e4a311670_0, 0;
    %pushi/vec4 1, 0, 1;
    %assign/vec4 v0000022e4a311350_0, 0;
    %pushi/vec4 1, 0, 1;
    %assign/vec4 v0000022e4a312250_0, 0;
    %pushi/vec4 0, 0, 1;
    %assign/vec4 v0000022e4a312390_0, 0;
    %pushi/vec4 0, 0, 1;
    %assign/vec4 v0000022e4a311990_0, 0;
    %pushi/vec4 10, 0, 5;
    %assign/vec4 v0000022e4a311c10_0, 0;
T_25.94 ;
    %jmp T_25.26;
T_25.24 ;
    %load/vec4 v0000022e4a311490_0;
    %flag_set/vec4 8;
    %jmp/0xz  T_25.96, 8;
    %pushi/vec4 1, 0, 1;
    %assign/vec4 v0000022e4a312250_0, 0;
    %pushi/vec4 1, 0, 1;
    %assign/vec4 v0000022e4a312390_0, 0;
    %pushi/vec4 0, 0, 5;
    %assign/vec4 v0000022e4a311c10_0, 0;
T_25.96 ;
    %jmp T_25.26;
T_25.26 ;
    %pop/vec4 1;
T_25.5 ;
T_25.2 ;
T_25.1 ;
    %jmp T_25;
    .thread T_25;
    .scope S_0000022e4a224450;
T_26 ;
    %wait E_0000022e4a320180;
    %load/vec4 v0000022e4a312bb0_0;
    %nor/r;
    %flag_set/vec4 8;
    %jmp/0xz  T_26.0, 8;
    %pushi/vec4 1, 0, 1;
    %assign/vec4 v0000022e4a3129d0_0, 0;
    %pushi/vec4 1, 0, 1;
    %assign/vec4 v0000022e4a312750_0, 0;
    %pushi/vec4 0, 0, 1;
    %assign/vec4 v0000022e4a312e30_0, 0;
    %jmp T_26.1;
T_26.0 ;
    %load/vec4 v0000022e4a3121b0_0;
    %flag_set/vec4 8;
    %jmp/0xz  T_26.2, 8;
    %load/vec4 v0000022e4a312430_0;
    %flag_set/vec4 8;
    %jmp/0xz  T_26.4, 8;
    %load/vec4 v0000022e4a312d90_0;
    %inv;
    %assign/vec4 v0000022e4a3129d0_0, 0;
    %load/vec4 v0000022e4a312d90_0;
    %flag_set/vec4 8;
    %jmp/0xz  T_26.6, 8;
    %load/vec4 v0000022e4a311f30_0;
    %parti/s 1, 7, 4;
    %inv;
    %assign/vec4 v0000022e4a312750_0, 0;
T_26.6 ;
    %pushi/vec4 1, 0, 1;
    %assign/vec4 v0000022e4a312e30_0, 0;
    %jmp T_26.5;
T_26.4 ;
    %pushi/vec4 0, 0, 1;
    %assign/vec4 v0000022e4a312e30_0, 0;
T_26.5 ;
T_26.2 ;
T_26.1 ;
    %jmp T_26;
    .thread T_26;
    .scope S_0000022e4a224180;
T_27 ;
    %pushi/vec4 0, 0, 8;
    %store/vec4 v0000022e4a37c520_0, 0, 8;
    %end;
    .thread T_27;
    .scope S_0000022e4a224180;
T_28 ;
    %wait E_0000022e4a320180;
    %load/vec4 v0000022e4a37d060_0;
    %nor/r;
    %flag_set/vec4 8;
    %jmp/0xz  T_28.0, 8;
    %pushi/vec4 0, 0, 8;
    %assign/vec4 v0000022e4a37c520_0, 0;
    %jmp T_28.1;
T_28.0 ;
    %load/vec4 v0000022e4a37d240_0;
    %flag_set/vec4 8;
    %jmp/0xz  T_28.2, 8;
    %pushi/vec4 0, 0, 8;
    %assign/vec4 v0000022e4a37c520_0, 0;
    %jmp T_28.3;
T_28.2 ;
    %load/vec4 v0000022e4a37c520_0;
    %addi 1, 0, 8;
    %assign/vec4 v0000022e4a37c520_0, 0;
T_28.3 ;
T_28.1 ;
    %jmp T_28;
    .thread T_28;
    .scope S_0000022e4a224180;
T_29 ;
    %wait E_0000022e4a320180;
    %load/vec4 v0000022e4a37d060_0;
    %nor/r;
    %flag_set/vec4 8;
    %jmp/0xz  T_29.0, 8;
    %pushi/vec4 0, 0, 8;
    %assign/vec4 v0000022e4a37c660_0, 0;
    %jmp T_29.1;
T_29.0 ;
    %load/vec4 v0000022e4a37d240_0;
    %flag_set/vec4 9;
    %flag_get/vec4 9;
    %jmp/0 T_29.4, 9;
    %load/vec4 v0000022e4a37c160_0;
    %and;
T_29.4;
    %flag_set/vec4 8;
    %jmp/0xz  T_29.2, 8;
    %load/vec4 v0000022e4a37cf20_0;
    %dup/vec4;
    %pushi/vec4 0, 0, 4;
    %cmp/u;
    %jmp/1 T_29.5, 6;
    %jmp T_29.6;
T_29.5 ;
    %load/vec4 v0000022e4a37d420_0;
    %assign/vec4 v0000022e4a37c660_0, 0;
    %jmp T_29.6;
T_29.6 ;
    %pop/vec4 1;
T_29.2 ;
T_29.1 ;
    %jmp T_29;
    .thread T_29;
    .scope S_0000022e4a2a47f0;
T_30 ;
    %pushi/vec4 4, 0, 4;
    %store/vec4 v0000022e4a37e8f0_0, 0, 4;
    %pushi/vec4 8, 0, 4;
    %store/vec4 v0000022e4a37e3f0_0, 0, 4;
    %pushi/vec4 8, 0, 4;
    %store/vec4 v0000022e4a37f4d0_0, 0, 4;
    %pushi/vec4 4, 0, 4;
    %store/vec4 v0000022e4a37e2b0_0, 0, 4;
    %pushi/vec4 0, 0, 8;
    %store/vec4 v0000022e4a37f930_0, 0, 8;
    %pushi/vec4 0, 0, 8;
    %store/vec4 v0000022e4a37e7b0_0, 0, 8;
    %pushi/vec4 0, 0, 8;
    %store/vec4 v0000022e4a37f9d0_0, 0, 8;
    %pushi/vec4 0, 0, 8;
    %store/vec4 v0000022e4a37f610_0, 0, 8;
    %pushi/vec4 8, 0, 4;
    %store/vec4 v0000022e4a37dbd0_0, 0, 4;
    %pushi/vec4 0, 0, 2;
    %store/vec4 v0000022e4a37be40_0, 0, 2;
    %pushi/vec4 0, 0, 1;
    %store/vec4 v0000022e4a37e0d0_0, 0, 1;
    %pushi/vec4 0, 0, 7;
    %store/vec4 v0000022e4a37ee90_0, 0, 7;
    %end;
    .thread T_30;
    .scope S_0000022e4a2a47f0;
T_31 ;
    %wait E_0000022e4a320480;
    %load/vec4 v0000022e4a37d4c0_0;
    %flag_set/vec4 8;
    %jmp/0xz  T_31.0, 8;
    %pushi/vec4 8, 0, 4;
    %assign/vec4 v0000022e4a37e8f0_0, 0;
    %pushi/vec4 8, 0, 4;
    %assign/vec4 v0000022e4a37e3f0_0, 0;
    %pushi/vec4 8, 0, 4;
    %assign/vec4 v0000022e4a37f4d0_0, 0;
    %pushi/vec4 8, 0, 4;
    %assign/vec4 v0000022e4a37e2b0_0, 0;
    %pushi/vec4 8, 0, 4;
    %assign/vec4 v0000022e4a37dbd0_0, 0;
    %pushi/vec4 0, 0, 2;
    %assign/vec4 v0000022e4a37be40_0, 0;
    %pushi/vec4 0, 0, 1;
    %assign/vec4 v0000022e4a37e0d0_0, 0;
T_31.0 ;
    %jmp T_31;
    .thread T_31;
    .scope S_0000022e4a2a47f0;
T_32 ;
    %wait E_0000022e4a320480;
    %load/vec4 v0000022e4a37cc00_0;
    %flag_set/vec4 8;
    %jmp/0xz  T_32.0, 8;
    %pushi/vec4 1, 0, 1;
    %assign/vec4 v0000022e4a37e0d0_0, 0;
    %pushi/vec4 0, 0, 2;
    %assign/vec4 v0000022e4a37be40_0, 0;
T_32.0 ;
    %jmp T_32;
    .thread T_32;
    .scope S_0000022e4a2a47f0;
T_33 ;
    %wait E_0000022e4a320480;
    %load/vec4 v0000022e4a37e0d0_0;
    %flag_set/vec4 8;
    %jmp/0xz  T_33.0, 8;
    %load/vec4 v0000022e4a37d600_0;
    %flag_set/vec4 9;
    %flag_get/vec4 9;
    %jmp/0 T_33.4, 9;
    %load/vec4 v0000022e4a37e8f0_0;
    %pushi/vec4 1, 0, 4;
    %cmp/ne;
    %flag_get/vec4 4;
    %and;
T_33.4;
    %flag_set/vec4 8;
    %jmp/0xz  T_33.2, 8;
    %pushi/vec4 0, 0, 4;
    %assign/vec4 v0000022e4a37dbd0_0, 0;
    %load/vec4 v0000022e4a37dbd0_0;
    %cmpi/e 4, 0, 4;
    %jmp/0xz  T_33.5, 4;
    %pushi/vec4 1, 0, 4;
    %store/vec4 v0000022e4a37e8f0_0, 0, 4;
T_33.5 ;
T_33.2 ;
    %load/vec4 v0000022e4a37d600_0;
    %flag_set/vec4 9;
    %flag_get/vec4 9;
    %jmp/0 T_33.9, 9;
    %load/vec4 v0000022e4a37e8f0_0;
    %pushi/vec4 1, 0, 4;
    %cmp/ne;
    %flag_get/vec4 4;
    %and;
T_33.9;
    %flag_set/vec4 8;
    %jmp/0xz  T_33.7, 8;
    %pushi/vec4 0, 0, 4;
    %assign/vec4 v0000022e4a37dbd0_0, 0;
    %load/vec4 v0000022e4a37dbd0_0;
    %cmpi/e 0, 0, 4;
    %jmp/0xz  T_33.10, 4;
    %pushi/vec4 1, 0, 4;
    %store/vec4 v0000022e4a37e8f0_0, 0, 4;
T_33.10 ;
T_33.7 ;
    %load/vec4 v0000022e4a37d600_0;
    %flag_set/vec4 9;
    %flag_get/vec4 9;
    %jmp/0 T_33.14, 9;
    %load/vec4 v0000022e4a37e8f0_0;
    %pushi/vec4 1, 0, 4;
    %cmp/e;
    %flag_get/vec4 4;
    %and;
T_33.14;
    %flag_set/vec4 8;
    %jmp/0xz  T_33.12, 8;
    %pushi/vec4 0, 0, 4;
    %assign/vec4 v0000022e4a37dbd0_0, 0;
    %load/vec4 v0000022e4a37dbd0_0;
    %cmpi/e 0, 0, 4;
    %jmp/0xz  T_33.15, 4;
    %pushi/vec4 10, 0, 4;
    %store/vec4 v0000022e4a37e8f0_0, 0, 4;
T_33.15 ;
T_33.12 ;
    %load/vec4 v0000022e4a37bf80_0;
    %flag_set/vec4 10;
    %flag_get/vec4 10;
    %jmp/0 T_33.20, 10;
    %load/vec4 v0000022e4a37e3f0_0;
    %pushi/vec4 1, 0, 4;
    %cmp/ne;
    %flag_get/vec4 4;
    %and;
T_33.20;
    %flag_set/vec4 9;
    %flag_get/vec4 9;
    %jmp/0 T_33.19, 9;
    %load/vec4 v0000022e4a37f070_0;
    %and;
T_33.19;
    %flag_set/vec4 8;
    %jmp/0xz  T_33.17, 8;
    %pushi/vec4 1, 0, 2;
    %ix/load 4, 0, 0;
    %ix/load 5, 0, 0;
    %flag_set/imm 4, 0;
    %assign/vec4/off/d v0000022e4a37dbd0_0, 4, 5;
    %load/vec4 v0000022e4a37dbd0_0;
    %cmpi/e 5, 0, 4;
    %jmp/0xz  T_33.21, 4;
    %pushi/vec4 1, 0, 4;
    %store/vec4 v0000022e4a37e3f0_0, 0, 4;
T_33.21 ;
T_33.17 ;
    %load/vec4 v0000022e4a37bf80_0;
    %flag_set/vec4 10;
    %flag_get/vec4 10;
    %jmp/0 T_33.26, 10;
    %load/vec4 v0000022e4a37e3f0_0;
    %pushi/vec4 1, 0, 4;
    %cmp/ne;
    %flag_get/vec4 4;
    %and;
T_33.26;
    %flag_set/vec4 9;
    %flag_get/vec4 9;
    %jmp/0 T_33.25, 9;
    %load/vec4 v0000022e4a37f070_0;
    %and;
T_33.25;
    %flag_set/vec4 8;
    %jmp/0xz  T_33.23, 8;
    %pushi/vec4 1, 0, 2;
    %ix/load 4, 0, 0;
    %ix/load 5, 0, 0;
    %flag_set/imm 4, 0;
    %assign/vec4/off/d v0000022e4a37dbd0_0, 4, 5;
    %load/vec4 v0000022e4a37dbd0_0;
    %cmpi/e 1, 0, 4;
    %jmp/0xz  T_33.27, 4;
    %pushi/vec4 1, 0, 4;
    %store/vec4 v0000022e4a37e3f0_0, 0, 4;
T_33.27 ;
T_33.23 ;
    %load/vec4 v0000022e4a37bf80_0;
    %flag_set/vec4 10;
    %flag_get/vec4 10;
    %jmp/0 T_33.32, 10;
    %load/vec4 v0000022e4a37e3f0_0;
    %pushi/vec4 1, 0, 4;
    %cmp/e;
    %flag_get/vec4 4;
    %and;
T_33.32;
    %flag_set/vec4 9;
    %flag_get/vec4 9;
    %jmp/0 T_33.31, 9;
    %load/vec4 v0000022e4a37f070_0;
    %and;
T_33.31;
    %flag_set/vec4 8;
    %jmp/0xz  T_33.29, 8;
    %pushi/vec4 1, 0, 2;
    %ix/load 4, 0, 0;
    %ix/load 5, 0, 0;
    %flag_set/imm 4, 0;
    %assign/vec4/off/d v0000022e4a37dbd0_0, 4, 5;
    %load/vec4 v0000022e4a37dbd0_0;
    %cmpi/e 1, 0, 4;
    %jmp/0xz  T_33.33, 4;
    %pushi/vec4 10, 0, 4;
    %store/vec4 v0000022e4a37e3f0_0, 0, 4;
T_33.33 ;
T_33.29 ;
    %load/vec4 v0000022e4a37d380_0;
    %flag_set/vec4 9;
    %flag_get/vec4 9;
    %jmp/0 T_33.37, 9;
    %load/vec4 v0000022e4a37f4d0_0;
    %pushi/vec4 1, 0, 4;
    %cmp/ne;
    %flag_get/vec4 4;
    %and;
T_33.37;
    %flag_set/vec4 8;
    %jmp/0xz  T_33.35, 8;
    %pushi/vec4 2, 0, 2;
    %ix/load 4, 0, 0;
    %ix/load 5, 0, 0;
    %flag_set/imm 4, 0;
    %assign/vec4/off/d v0000022e4a37dbd0_0, 4, 5;
    %load/vec4 v0000022e4a37dbd0_0;
    %cmpi/e 2, 0, 4;
    %jmp/0xz  T_33.38, 4;
    %pushi/vec4 1, 0, 4;
    %store/vec4 v0000022e4a37f4d0_0, 0, 4;
T_33.38 ;
T_33.35 ;
    %load/vec4 v0000022e4a37d380_0;
    %flag_set/vec4 9;
    %flag_get/vec4 9;
    %jmp/0 T_33.42, 9;
    %load/vec4 v0000022e4a37f4d0_0;
    %pushi/vec4 1, 0, 4;
    %cmp/ne;
    %flag_get/vec4 4;
    %and;
T_33.42;
    %flag_set/vec4 8;
    %jmp/0xz  T_33.40, 8;
    %pushi/vec4 2, 0, 2;
    %ix/load 4, 0, 0;
    %ix/load 5, 0, 0;
    %flag_set/imm 4, 0;
    %assign/vec4/off/d v0000022e4a37dbd0_0, 4, 5;
    %load/vec4 v0000022e4a37dbd0_0;
    %cmpi/e 6, 0, 4;
    %jmp/0xz  T_33.43, 4;
    %pushi/vec4 1, 0, 4;
    %store/vec4 v0000022e4a37f4d0_0, 0, 4;
T_33.43 ;
T_33.40 ;
    %load/vec4 v0000022e4a37d380_0;
    %flag_set/vec4 9;
    %flag_get/vec4 9;
    %jmp/0 T_33.47, 9;
    %load/vec4 v0000022e4a37f4d0_0;
    %pushi/vec4 1, 0, 4;
    %cmp/e;
    %flag_get/vec4 4;
    %and;
T_33.47;
    %flag_set/vec4 8;
    %jmp/0xz  T_33.45, 8;
    %pushi/vec4 2, 0, 2;
    %ix/load 4, 0, 0;
    %ix/load 5, 0, 0;
    %flag_set/imm 4, 0;
    %assign/vec4/off/d v0000022e4a37dbd0_0, 4, 5;
    %load/vec4 v0000022e4a37dbd0_0;
    %cmpi/e 2, 0, 4;
    %jmp/0xz  T_33.48, 4;
    %pushi/vec4 10, 0, 4;
    %store/vec4 v0000022e4a37f4d0_0, 0, 4;
T_33.48 ;
T_33.45 ;
    %load/vec4 v0000022e4a37d2e0_0;
    %flag_set/vec4 9;
    %flag_get/vec4 9;
    %jmp/0 T_33.52, 9;
    %load/vec4 v0000022e4a37e2b0_0;
    %pushi/vec4 1, 0, 4;
    %cmp/ne;
    %flag_get/vec4 4;
    %and;
T_33.52;
    %flag_set/vec4 8;
    %jmp/0xz  T_33.50, 8;
    %pushi/vec4 3, 0, 2;
    %ix/load 4, 0, 0;
    %ix/load 5, 0, 0;
    %flag_set/imm 4, 0;
    %assign/vec4/off/d v0000022e4a37dbd0_0, 4, 5;
    %load/vec4 v0000022e4a37dbd0_0;
    %cmpi/e 3, 0, 4;
    %jmp/0xz  T_33.53, 4;
    %pushi/vec4 1, 0, 4;
    %store/vec4 v0000022e4a37e2b0_0, 0, 4;
T_33.53 ;
T_33.50 ;
    %load/vec4 v0000022e4a37d2e0_0;
    %flag_set/vec4 9;
    %flag_get/vec4 9;
    %jmp/0 T_33.57, 9;
    %load/vec4 v0000022e4a37e2b0_0;
    %pushi/vec4 1, 0, 4;
    %cmp/ne;
    %flag_get/vec4 4;
    %and;
T_33.57;
    %flag_set/vec4 8;
    %jmp/0xz  T_33.55, 8;
    %pushi/vec4 3, 0, 2;
    %ix/load 4, 0, 0;
    %ix/load 5, 0, 0;
    %flag_set/imm 4, 0;
    %assign/vec4/off/d v0000022e4a37dbd0_0, 4, 5;
    %load/vec4 v0000022e4a37dbd0_0;
    %cmpi/e 7, 0, 4;
    %jmp/0xz  T_33.58, 4;
    %pushi/vec4 1, 0, 4;
    %store/vec4 v0000022e4a37e2b0_0, 0, 4;
T_33.58 ;
T_33.55 ;
    %load/vec4 v0000022e4a37d2e0_0;
    %flag_set/vec4 9;
    %flag_get/vec4 9;
    %jmp/0 T_33.62, 9;
    %load/vec4 v0000022e4a37e2b0_0;
    %pushi/vec4 1, 0, 4;
    %cmp/e;
    %flag_get/vec4 4;
    %and;
T_33.62;
    %flag_set/vec4 8;
    %jmp/0xz  T_33.60, 8;
    %pushi/vec4 3, 0, 2;
    %ix/load 4, 0, 0;
    %ix/load 5, 0, 0;
    %flag_set/imm 4, 0;
    %assign/vec4/off/d v0000022e4a37dbd0_0, 4, 5;
    %load/vec4 v0000022e4a37dbd0_0;
    %cmpi/e 3, 0, 4;
    %jmp/0xz  T_33.63, 4;
    %pushi/vec4 10, 0, 4;
    %store/vec4 v0000022e4a37e2b0_0, 0, 4;
T_33.63 ;
T_33.60 ;
    %jmp T_33.1;
T_33.0 ;
    %load/vec4 v0000022e4a37d600_0;
    %flag_set/vec4 8;
    %jmp/0xz  T_33.65, 8;
    %pushi/vec4 0, 0, 4;
    %assign/vec4 v0000022e4a37dbd0_0, 0;
    %load/vec4 v0000022e4a37e8f0_0;
    %cmpi/u 10, 0, 4;
    %flag_get/vec4 5;
    %jmp/0 T_33.69, 5;
    %load/vec4 v0000022e4a37dbd0_0;
    %pushi/vec4 0, 0, 4;
    %cmp/e;
    %flag_get/vec4 4;
    %and;
T_33.69;
    %flag_set/vec4 8;
    %jmp/0xz  T_33.67, 8;
    %load/vec4 v0000022e4a37e8f0_0;
    %addi 1, 0, 4;
    %assign/vec4 v0000022e4a37e8f0_0, 0;
T_33.67 ;
T_33.65 ;
    %load/vec4 v0000022e4a37d600_0;
    %flag_set/vec4 8;
    %jmp/0xz  T_33.70, 8;
    %pushi/vec4 0, 0, 4;
    %assign/vec4 v0000022e4a37dbd0_0, 0;
    %load/vec4 v0000022e4a37e8f0_0;
    %cmpi/u 10, 0, 4;
    %flag_get/vec4 5;
    %jmp/0 T_33.74, 5;
    %load/vec4 v0000022e4a37dbd0_0;
    %pushi/vec4 4, 0, 4;
    %cmp/e;
    %flag_get/vec4 4;
    %and;
T_33.74;
    %flag_set/vec4 8;
    %jmp/0xz  T_33.72, 8;
    %load/vec4 v0000022e4a37e8f0_0;
    %addi 1, 0, 4;
    %assign/vec4 v0000022e4a37e8f0_0, 0;
T_33.72 ;
T_33.70 ;
    %load/vec4 v0000022e4a37bf80_0;
    %flag_set/vec4 9;
    %flag_get/vec4 9;
    %jmp/0 T_33.77, 9;
    %load/vec4 v0000022e4a37f070_0;
    %and;
T_33.77;
    %flag_set/vec4 8;
    %jmp/0xz  T_33.75, 8;
    %pushi/vec4 1, 0, 2;
    %ix/load 4, 0, 0;
    %ix/load 5, 0, 0;
    %flag_set/imm 4, 0;
    %assign/vec4/off/d v0000022e4a37dbd0_0, 4, 5;
    %load/vec4 v0000022e4a37e3f0_0;
    %cmpi/u 10, 0, 4;
    %flag_get/vec4 5;
    %jmp/0 T_33.80, 5;
    %load/vec4 v0000022e4a37dbd0_0;
    %pushi/vec4 5, 0, 4;
    %cmp/e;
    %flag_get/vec4 4;
    %and;
T_33.80;
    %flag_set/vec4 8;
    %jmp/0xz  T_33.78, 8;
    %load/vec4 v0000022e4a37e3f0_0;
    %subi 1, 0, 4;
    %assign/vec4 v0000022e4a37e3f0_0, 0;
T_33.78 ;
T_33.75 ;
    %load/vec4 v0000022e4a37bf80_0;
    %flag_set/vec4 9;
    %flag_get/vec4 9;
    %jmp/0 T_33.83, 9;
    %load/vec4 v0000022e4a37f070_0;
    %and;
T_33.83;
    %flag_set/vec4 8;
    %jmp/0xz  T_33.81, 8;
    %pushi/vec4 1, 0, 2;
    %ix/load 4, 0, 0;
    %ix/load 5, 0, 0;
    %flag_set/imm 4, 0;
    %assign/vec4/off/d v0000022e4a37dbd0_0, 4, 5;
    %load/vec4 v0000022e4a37e3f0_0;
    %cmpi/u 10, 0, 4;
    %flag_get/vec4 5;
    %jmp/0 T_33.86, 5;
    %load/vec4 v0000022e4a37dbd0_0;
    %pushi/vec4 1, 0, 4;
    %cmp/e;
    %flag_get/vec4 4;
    %and;
T_33.86;
    %flag_set/vec4 8;
    %jmp/0xz  T_33.84, 8;
    %load/vec4 v0000022e4a37e3f0_0;
    %subi 1, 0, 4;
    %assign/vec4 v0000022e4a37e3f0_0, 0;
T_33.84 ;
T_33.81 ;
    %load/vec4 v0000022e4a37d380_0;
    %flag_set/vec4 8;
    %jmp/0xz  T_33.87, 8;
    %pushi/vec4 2, 0, 2;
    %ix/load 4, 0, 0;
    %ix/load 5, 0, 0;
    %flag_set/imm 4, 0;
    %assign/vec4/off/d v0000022e4a37dbd0_0, 4, 5;
    %load/vec4 v0000022e4a37f4d0_0;
    %cmpi/u 10, 0, 4;
    %flag_get/vec4 5;
    %jmp/0 T_33.91, 5;
    %load/vec4 v0000022e4a37dbd0_0;
    %pushi/vec4 6, 0, 4;
    %cmp/e;
    %flag_get/vec4 4;
    %and;
T_33.91;
    %flag_set/vec4 8;
    %jmp/0xz  T_33.89, 8;
    %load/vec4 v0000022e4a37f4d0_0;
    %addi 1, 0, 4;
    %assign/vec4 v0000022e4a37f4d0_0, 0;
T_33.89 ;
T_33.87 ;
    %load/vec4 v0000022e4a37d380_0;
    %flag_set/vec4 8;
    %jmp/0xz  T_33.92, 8;
    %pushi/vec4 2, 0, 2;
    %ix/load 4, 0, 0;
    %ix/load 5, 0, 0;
    %flag_set/imm 4, 0;
    %assign/vec4/off/d v0000022e4a37dbd0_0, 4, 5;
    %load/vec4 v0000022e4a37f4d0_0;
    %cmpi/u 10, 0, 4;
    %flag_get/vec4 5;
    %jmp/0 T_33.96, 5;
    %load/vec4 v0000022e4a37dbd0_0;
    %pushi/vec4 2, 0, 4;
    %cmp/e;
    %flag_get/vec4 4;
    %and;
T_33.96;
    %flag_set/vec4 8;
    %jmp/0xz  T_33.94, 8;
    %load/vec4 v0000022e4a37f4d0_0;
    %addi 1, 0, 4;
    %assign/vec4 v0000022e4a37f4d0_0, 0;
T_33.94 ;
T_33.92 ;
    %load/vec4 v0000022e4a37d2e0_0;
    %flag_set/vec4 8;
    %jmp/0xz  T_33.97, 8;
    %pushi/vec4 3, 0, 2;
    %ix/load 4, 0, 0;
    %ix/load 5, 0, 0;
    %flag_set/imm 4, 0;
    %assign/vec4/off/d v0000022e4a37dbd0_0, 4, 5;
    %load/vec4 v0000022e4a37e2b0_0;
    %cmpi/u 10, 0, 4;
    %flag_get/vec4 5;
    %jmp/0 T_33.101, 5;
    %load/vec4 v0000022e4a37dbd0_0;
    %pushi/vec4 7, 0, 4;
    %cmp/e;
    %flag_get/vec4 4;
    %and;
T_33.101;
    %flag_set/vec4 8;
    %jmp/0xz  T_33.99, 8;
    %load/vec4 v0000022e4a37e2b0_0;
    %addi 1, 0, 4;
    %assign/vec4 v0000022e4a37e2b0_0, 0;
T_33.99 ;
T_33.97 ;
    %load/vec4 v0000022e4a37d2e0_0;
    %flag_set/vec4 8;
    %jmp/0xz  T_33.102, 8;
    %pushi/vec4 3, 0, 2;
    %ix/load 4, 0, 0;
    %ix/load 5, 0, 0;
    %flag_set/imm 4, 0;
    %assign/vec4/off/d v0000022e4a37dbd0_0, 4, 5;
    %load/vec4 v0000022e4a37e2b0_0;
    %cmpi/u 10, 0, 4;
    %flag_get/vec4 5;
    %jmp/0 T_33.106, 5;
    %load/vec4 v0000022e4a37dbd0_0;
    %pushi/vec4 3, 0, 4;
    %cmp/e;
    %flag_get/vec4 4;
    %and;
T_33.106;
    %flag_set/vec4 8;
    %jmp/0xz  T_33.104, 8;
    %load/vec4 v0000022e4a37e2b0_0;
    %addi 1, 0, 4;
    %assign/vec4 v0000022e4a37e2b0_0, 0;
T_33.104 ;
T_33.102 ;
T_33.1 ;
    %jmp T_33;
    .thread T_33;
    .scope S_0000022e4a2a47f0;
T_34 ;
    %wait E_0000022e4a320480;
    %load/vec4 v0000022e4a37e0d0_0;
    %nor/r;
    %flag_set/vec4 8;
    %jmp/0xz  T_34.0, 8;
    %load/vec4 v0000022e4a37f930_0;
    %pad/u 32;
    %cmpi/e 120, 0, 32;
    %jmp/0xz  T_34.2, 4;
    %load/vec4 v0000022e4a37e8f0_0;
    %subi 1, 0, 4;
    %assign/vec4 v0000022e4a37e8f0_0, 0;
    %pushi/vec4 0, 0, 8;
    %assign/vec4 v0000022e4a37f930_0, 0;
    %jmp T_34.3;
T_34.2 ;
    %load/vec4 v0000022e4a37f930_0;
    %addi 1, 0, 8;
    %assign/vec4 v0000022e4a37f930_0, 0;
T_34.3 ;
    %load/vec4 v0000022e4a37f070_0;
    %pad/u 32;
    %cmpi/e 0, 0, 32;
    %jmp/0xz  T_34.4, 4;
    %load/vec4 v0000022e4a37e7b0_0;
    %pad/u 32;
    %cmpi/e 100, 0, 32;
    %jmp/0xz  T_34.6, 4;
    %load/vec4 v0000022e4a37e3f0_0;
    %addi 1, 0, 4;
    %assign/vec4 v0000022e4a37e3f0_0, 0;
    %pushi/vec4 0, 0, 8;
    %assign/vec4 v0000022e4a37e7b0_0, 0;
    %jmp T_34.7;
T_34.6 ;
    %load/vec4 v0000022e4a37e7b0_0;
    %addi 1, 0, 8;
    %assign/vec4 v0000022e4a37e7b0_0, 0;
T_34.7 ;
T_34.4 ;
    %load/vec4 v0000022e4a37f9d0_0;
    %pad/u 32;
    %cmpi/e 70, 0, 32;
    %jmp/0xz  T_34.8, 4;
    %load/vec4 v0000022e4a37f4d0_0;
    %subi 1, 0, 4;
    %assign/vec4 v0000022e4a37f4d0_0, 0;
    %pushi/vec4 0, 0, 8;
    %assign/vec4 v0000022e4a37f9d0_0, 0;
    %jmp T_34.9;
T_34.8 ;
    %load/vec4 v0000022e4a37f9d0_0;
    %addi 1, 0, 8;
    %assign/vec4 v0000022e4a37f9d0_0, 0;
T_34.9 ;
    %load/vec4 v0000022e4a37f610_0;
    %pad/u 32;
    %cmpi/e 50, 0, 32;
    %jmp/0xz  T_34.10, 4;
    %load/vec4 v0000022e4a37e2b0_0;
    %subi 1, 0, 4;
    %assign/vec4 v0000022e4a37e2b0_0, 0;
    %pushi/vec4 0, 0, 8;
    %assign/vec4 v0000022e4a37f610_0, 0;
    %jmp T_34.11;
T_34.10 ;
    %load/vec4 v0000022e4a37f610_0;
    %addi 1, 0, 8;
    %assign/vec4 v0000022e4a37f610_0, 0;
T_34.11 ;
T_34.0 ;
    %jmp T_34;
    .thread T_34;
    .scope S_0000022e4a2a47f0;
T_35 ;
    %wait E_0000022e4a320480;
    %load/vec4 v0000022e4a37dbd0_0;
    %parti/s 2, 0, 2;
    %dup/vec4;
    %pushi/vec4 0, 0, 2;
    %cmp/u;
    %jmp/1 T_35.0, 6;
    %dup/vec4;
    %pushi/vec4 1, 0, 2;
    %cmp/u;
    %jmp/1 T_35.1, 6;
    %dup/vec4;
    %pushi/vec4 2, 0, 2;
    %cmp/u;
    %jmp/1 T_35.2, 6;
    %dup/vec4;
    %pushi/vec4 3, 0, 2;
    %cmp/u;
    %jmp/1 T_35.3, 6;
    %jmp T_35.4;
T_35.0 ;
    %load/vec4 v0000022e4a37e8f0_0;
    %cmpi/u 5, 0, 4;
    %flag_inv 5; GE is !LT
    %flag_mov 8, 5;
    %jmp/0 T_35.5, 8;
    %pushi/vec4 1, 0, 1;
    %jmp/1 T_35.6, 8;
T_35.5 ; End of true expr.
    %pushi/vec4 0, 0, 1;
    %jmp/0 T_35.6, 8;
 ; End of false expr.
    %blend;
T_35.6;
    %ix/load 4, 2, 0;
    %ix/load 5, 0, 0;
    %flag_set/imm 4, 0;
    %assign/vec4/off/d v0000022e4a37dbd0_0, 4, 5;
    %jmp T_35.4;
T_35.1 ;
    %load/vec4 v0000022e4a37e3f0_0;
    %cmpi/u 5, 0, 4;
    %flag_inv 5; GE is !LT
    %flag_mov 8, 5;
    %jmp/0 T_35.7, 8;
    %pushi/vec4 1, 0, 1;
    %jmp/1 T_35.8, 8;
T_35.7 ; End of true expr.
    %pushi/vec4 0, 0, 1;
    %jmp/0 T_35.8, 8;
 ; End of false expr.
    %blend;
T_35.8;
    %ix/load 4, 2, 0;
    %ix/load 5, 0, 0;
    %flag_set/imm 4, 0;
    %assign/vec4/off/d v0000022e4a37dbd0_0, 4, 5;
    %jmp T_35.4;
T_35.2 ;
    %load/vec4 v0000022e4a37f4d0_0;
    %cmpi/u 5, 0, 4;
    %flag_inv 5; GE is !LT
    %flag_mov 8, 5;
    %jmp/0 T_35.9, 8;
    %pushi/vec4 1, 0, 1;
    %jmp/1 T_35.10, 8;
T_35.9 ; End of true expr.
    %pushi/vec4 0, 0, 1;
    %jmp/0 T_35.10, 8;
 ; End of false expr.
    %blend;
T_35.10;
    %ix/load 4, 2, 0;
    %ix/load 5, 0, 0;
    %flag_set/imm 4, 0;
    %assign/vec4/off/d v0000022e4a37dbd0_0, 4, 5;
    %jmp T_35.4;
T_35.3 ;
    %load/vec4 v0000022e4a37e2b0_0;
    %cmpi/u 5, 0, 4;
    %flag_inv 5; GE is !LT
    %flag_mov 8, 5;
    %jmp/0 T_35.11, 8;
    %pushi/vec4 1, 0, 1;
    %jmp/1 T_35.12, 8;
T_35.11 ; End of true expr.
    %pushi/vec4 0, 0, 1;
    %jmp/0 T_35.12, 8;
 ; End of false expr.
    %blend;
T_35.12;
    %ix/load 4, 2, 0;
    %ix/load 5, 0, 0;
    %flag_set/imm 4, 0;
    %assign/vec4/off/d v0000022e4a37dbd0_0, 4, 5;
    %jmp T_35.4;
T_35.4 ;
    %pop/vec4 1;
    %jmp T_35;
    .thread T_35;
    .scope S_0000022e4a2a47f0;
T_36 ;
    %wait E_0000022e4a320480;
    %load/vec4 v0000022e4a37dbd0_0;
    %parti/s 2, 0, 2;
    %dup/vec4;
    %pushi/vec4 0, 0, 2;
    %cmp/u;
    %jmp/1 T_36.0, 6;
    %dup/vec4;
    %pushi/vec4 1, 0, 2;
    %cmp/u;
    %jmp/1 T_36.1, 6;
    %dup/vec4;
    %pushi/vec4 2, 0, 2;
    %cmp/u;
    %jmp/1 T_36.2, 6;
    %dup/vec4;
    %pushi/vec4 3, 0, 2;
    %cmp/u;
    %jmp/1 T_36.3, 6;
    %jmp T_36.4;
T_36.0 ;
    %load/vec4 v0000022e4a37e8f0_0;
    %store/vec4 v0000022e4a37bda0_0, 0, 4;
    %callf/vec4 TD_top_brain_tb.UUT.U_tamagotchi_fsm.get_seg_display, S_0000022e4a27ae70;
    %assign/vec4 v0000022e4a37ee90_0, 0;
    %jmp T_36.4;
T_36.1 ;
    %load/vec4 v0000022e4a37e3f0_0;
    %store/vec4 v0000022e4a37bda0_0, 0, 4;
    %callf/vec4 TD_top_brain_tb.UUT.U_tamagotchi_fsm.get_seg_display, S_0000022e4a27ae70;
    %assign/vec4 v0000022e4a37ee90_0, 0;
    %jmp T_36.4;
T_36.2 ;
    %load/vec4 v0000022e4a37f4d0_0;
    %store/vec4 v0000022e4a37bda0_0, 0, 4;
    %callf/vec4 TD_top_brain_tb.UUT.U_tamagotchi_fsm.get_seg_display, S_0000022e4a27ae70;
    %assign/vec4 v0000022e4a37ee90_0, 0;
    %jmp T_36.4;
T_36.3 ;
    %load/vec4 v0000022e4a37e2b0_0;
    %store/vec4 v0000022e4a37bda0_0, 0, 4;
    %callf/vec4 TD_top_brain_tb.UUT.U_tamagotchi_fsm.get_seg_display, S_0000022e4a27ae70;
    %assign/vec4 v0000022e4a37ee90_0, 0;
    %jmp T_36.4;
T_36.4 ;
    %pop/vec4 1;
    %jmp T_36;
    .thread T_36;
    .scope S_0000022e4a32b6c0;
T_37 ;
    %pushi/vec4 0, 0, 1;
    %store/vec4 v0000022e4a38a000_0, 0, 1;
T_37.0 ;
    %delay 10, 0;
    %load/vec4 v0000022e4a38a000_0;
    %inv;
    %store/vec4 v0000022e4a38a000_0, 0, 1;
    %jmp T_37.0;
    %end;
    .thread T_37;
    .scope S_0000022e4a32b6c0;
T_38 ;
    %pushi/vec4 0, 0, 1;
    %store/vec4 v0000022e4a388fc0_0, 0, 1;
    %pushi/vec4 0, 0, 1;
    %store/vec4 v0000022e4a389b00_0, 0, 1;
    %pushi/vec4 0, 0, 1;
    %store/vec4 v0000022e4a3896a0_0, 0, 1;
    %pushi/vec4 0, 0, 1;
    %store/vec4 v0000022e4a389f60_0, 0, 1;
    %delay 100, 0;
    %pushi/vec4 1, 0, 1;
    %store/vec4 v0000022e4a3896a0_0, 0, 1;
    %delay 200, 0;
    %pushi/vec4 0, 0, 1;
    %store/vec4 v0000022e4a3896a0_0, 0, 1;
    %delay 200, 0;
    %pushi/vec4 1, 0, 1;
    %store/vec4 v0000022e4a3896a0_0, 0, 1;
    %delay 60000, 0;
    %pushi/vec4 0, 0, 1;
    %store/vec4 v0000022e4a3896a0_0, 0, 1;
    %delay 200, 0;
    %pushi/vec4 1, 0, 1;
    %store/vec4 v0000022e4a389f60_0, 0, 1;
    %delay 200, 0;
    %pushi/vec4 0, 0, 1;
    %store/vec4 v0000022e4a389f60_0, 0, 1;
    %delay 200, 0;
    %pushi/vec4 1, 0, 1;
    %store/vec4 v0000022e4a389f60_0, 0, 1;
    %delay 60000, 0;
    %pushi/vec4 0, 0, 1;
    %store/vec4 v0000022e4a389f60_0, 0, 1;
    %delay 200, 0;
    %pushi/vec4 1, 0, 1;
    %store/vec4 v0000022e4a388fc0_0, 0, 1;
    %delay 60000, 0;
    %pushi/vec4 0, 0, 1;
    %store/vec4 v0000022e4a388fc0_0, 0, 1;
    %delay 200, 0;
    %pushi/vec4 1, 0, 1;
    %store/vec4 v0000022e4a389b00_0, 0, 1;
    %delay 60000, 0;
    %pushi/vec4 0, 0, 1;
    %store/vec4 v0000022e4a389b00_0, 0, 1;
    %delay 200, 0;
    %delay 60000, 0;
    %vpi_call 2 93 "$finish" {0 0 0};
    %end;
    .thread T_38;
    .scope S_0000022e4a32b6c0;
T_39 ;
    %pushi/vec4 0, 0, 1;
    %store/vec4 v0000022e4a38a1e0_0, 0, 1;
    %delay 10000, 0;
    %delay 25000, 0;
    %pushi/vec4 1, 0, 1;
    %store/vec4 v0000022e4a38a1e0_0, 0, 1;
    %delay 350000, 0;
    %pushi/vec4 0, 0, 1;
    %store/vec4 v0000022e4a38a1e0_0, 0, 1;
    %delay 10000, 0;
    %delay 25000, 0;
    %pushi/vec4 1, 0, 1;
    %store/vec4 v0000022e4a38a1e0_0, 0, 1;
    %delay 50000, 0;
    %pushi/vec4 0, 0, 1;
    %store/vec4 v0000022e4a38a1e0_0, 0, 1;
    %delay 10000, 0;
    %delay 25000, 0;
    %pushi/vec4 1, 0, 1;
    %store/vec4 v0000022e4a38a1e0_0, 0, 1;
    %delay 200000, 0;
    %pushi/vec4 0, 0, 1;
    %store/vec4 v0000022e4a38a1e0_0, 0, 1;
    %delay 10000, 0;
    %delay 25000, 0;
    %pushi/vec4 1, 0, 1;
    %store/vec4 v0000022e4a38a1e0_0, 0, 1;
    %delay 100000, 0;
    %pushi/vec4 0, 0, 1;
    %store/vec4 v0000022e4a38a1e0_0, 0, 1;
    %delay 50000, 0;
    %delay 100, 0;
    %vpi_call 2 132 "$finish" {0 0 0};
    %end;
    .thread T_39;
    .scope S_0000022e4a32b6c0;
T_40 ;
    %vpi_call 2 138 "$dumpfile", "top_brain_tb.vcd" {0 0 0};
    %vpi_call 2 139 "$dumpvars", 32'sb11111111111111111111111111111111, S_0000022e4a223ff0 {0 0 0};
    %delay 10000000, 0;
    %vpi_call 2 143 "$finish" {0 0 0};
    %end;
    .thread T_40;
# The file index is used to find the file name in the following table.
:file_names 16;
    "N/A";
    "<interactive>";
    "top_brain_tb.v";
    "./TopBrain.v";
    "./mpu6050/demo_mpu6050.v";
    "./mpu6050/compare.v";
    "./mpu6050/i2cmaster.v";
    "./mpu6050/mpu6050.v";
    "./JJDiaz/FSM/FSM.v";
    "./ultrasonido/top.v";
    "./ultrasonido/ContadorConEcho.v";
    "./ultrasonido/ContadorConTrigger.v";
    "./ultrasonido/ControlLed.v";
    "./Botones/btn/topBtn.v";
    "./Botones/btn/btnAntirebote.v";
    "./Botones/btn/btnRT.v";
